<?xml version="1.0" encoding="UTF-8" ?>
<testsuite errors="1" failures="0" hostname="ashahab-PC" name="edu.cmu.square.client.entryPoint.PrCompareRequirementsPaneTest" tests="1" time="34.763" timestamp="2009-07-10T16:32:26">
  <properties>
    <property name="java.runtime.name" value="Java(TM) SE Runtime Environment"></property>
    <property name="sun.boot.library.path" value="C:\Program Files\Java\jdk1.6.0_07\jre\bin"></property>
    <property name="java.vm.version" value="10.0-b23"></property>
    <property name="ant.library.dir" value="C:\javaSoftware\eclipse_6\eclipse\plugins\org.apache.ant_1.7.0.v200803061910\lib"></property>
    <property name="ant.version" value="Apache Ant version 1.7.0 compiled on December 13 2006"></property>
    <property name="ant.java.version" value="1.6"></property>
    <property name="java.vm.vendor" value="Sun Microsystems Inc."></property>
    <property name="java.vendor.url" value="http://java.sun.com/"></property>
    <property name="path.separator" value=";"></property>
    <property name="java.vm.name" value="Java HotSpot(TM) Client VM"></property>
    <property name="file.encoding.pkg" value="sun.io"></property>
    <property name="user.country" value="US"></property>
    <property name="sun.java.launcher" value="SUN_STANDARD"></property>
    <property name="sun.os.patch.level" value="Service Pack 1"></property>
    <property name="ant.file.SquareGwt" value="C:\Users\kaalpurush\workspace\SquareGwt\build.xml"></property>
    <property name="java.vm.specification.name" value="Java Virtual Machine Specification"></property>
    <property name="user.dir" value="C:\Users\kaalpurush\workspace\SquareGwt"></property>
    <property name="java.runtime.version" value="1.6.0_07-b06"></property>
    <property name="java.awt.graphicsenv" value="sun.awt.Win32GraphicsEnvironment"></property>
    <property name="eclipse.pdebuild.scripts" value="/C:/javaSoftware/eclipse_6/eclipse/plugins/org.eclipse.pde.build_3.4.1.R34x_v20081217/scripts/"></property>
    <property name="basedir" value="C:\Users\kaalpurush\workspace\SquareGwt"></property>
    <property name="java.endorsed.dirs" value="C:\Program Files\Java\jdk1.6.0_07\jre\lib\endorsed"></property>
    <property name="os.arch" value="x86"></property>
    <property name="java.io.tmpdir" value="C:\Users\KAALPU~1\AppData\Local\Temp\"></property>
    <property name="ant.core.lib" value="C:\javaSoftware\eclipse_6\eclipse\plugins\org.apache.ant_1.7.0.v200803061910\lib\ant.jar"></property>
    <property name="line.separator" value="
"></property>
    <property name="java.vm.specification.vendor" value="Sun Microsystems Inc."></property>
    <property name="user.variant" value=""></property>
    <property name="os.name" value="Windows Vista"></property>
    <property name="ant.home" value="C:\javaSoftware\eclipse_6\eclipse\plugins\org.apache.ant_1.7.0.v200803061910"></property>
    <property name="eclipse.pdebuild.templates" value="/C:/javaSoftware/eclipse_6/eclipse/plugins/org.eclipse.pde.build_3.4.1.R34x_v20081217/templates/"></property>
    <property name="ant.project.name" value="SquareGwt"></property>
    <property name="sun.jnu.encoding" value="Cp1252"></property>
    <property name="web.deploy.location" value="C:/javaSoftware/Tomcat 6.0/webapps"></property>
    <property name="java.library.path" value="C:\Program Files\Java\jdk1.6.0_07\jre\bin;.;C:\Windows\Sun\Java\bin;C:\Windows\system32;C:\Windows;C:/Program Files/Java/jdk1.6.0_07/bin/../jre/bin/client;C:/Program Files/Java/jdk1.6.0_07/bin/../jre/bin;C:\Program Files\VisualSVN Server\bin;C:\javaSoftware\eclipse_6\eclipse\plugins\org.apache.ant_1.7.0.v200803061910\bin;.;C:\Program Files\Java\jdk1.6.0_07\bin;C:\Program Files\PC Connectivity Solution\;C:\Windows\system32;C:\Windows;C:\Windows\System32\Wbem;C:\Program Files\Common Files\Roxio Shared\DLLShared\;C:\Program Files\Common Files\Roxio Shared\10.0\DLLShared\;C:\Program Files\OpenSSH\bin;C:\Program Files\jZip;C:\Windows\system32\Wbem;C:\Program Files\Common Files\Adobe\AGL;C:\Program Files\QuickTime\QTSystem\;C:\Program Files\TortoiseSVN\bin;C:\Users\kaalpurush\AppData\Local\MiKTeX 2.7\miktex\bin"></property>
    <property name="deployment.manager.location" value="http://localhost:8686/manager/"></property>
    <property name="eclipse.pdebuild.home" value="/C:/javaSoftware/eclipse_6/eclipse/plugins/org.eclipse.pde.build_3.4.1.R34x_v20081217/./"></property>
    <property name="java.class.version" value="50.0"></property>
    <property name="java.specification.name" value="Java Platform API Specification"></property>
    <property name="sun.management.compiler" value="HotSpot Client Compiler"></property>
    <property name="os.version" value="6.0"></property>
    <property name="ant.file" value="C:\Users\kaalpurush\workspace\SquareGwt\build.xml"></property>
    <property name="user.home" value="C:\Users\kaalpurush"></property>
    <property name="test.reports" value="C:\Users\kaalpurush\workspace\SquareGwt/tests/test_reports"></property>
    <property name="user.timezone" value=""></property>
    <property name="java.awt.printerjob" value="sun.awt.windows.WPrinterJob"></property>
    <property name="java.specification.version" value="1.6"></property>
    <property name="file.encoding" value="Cp1252"></property>
    <property name="user.name" value="kaalpurush"></property>
    <property name="java.class.path" value="C:\Users\kaalpurush\workspace\SquareGwt\lib\junit.jar;C:\Users\kaalpurush\workspace\SquareGwt\src;C:\javaSoftware\eclipse_6\eclipse\plugins\com.google.gwt.eclipse.sdkbundle.win32_1.6.4.v200904062334\gwt-windows-1.6.4\gwt-user.jar;C:\javaSoftware\eclipse_6\eclipse\plugins\com.google.gwt.eclipse.sdkbundle.win32_1.6.4.v200904062334\gwt-windows-1.6.4\gwt-dev-windows.jar;C:\Users\kaalpurush\workspace\SquareGwt\war\WEB-INF\classes;C:\Users\kaalpurush\workspace\SquareGwt\war\WEB-INF\lib\antlr-2.7.6.jar;C:\Users\kaalpurush\workspace\SquareGwt\war\WEB-INF\lib\antlrworks-1.2.3.jar;C:\Users\kaalpurush\workspace\SquareGwt\war\WEB-INF\lib\aspectjrt.jar;C:\Users\kaalpurush\workspace\SquareGwt\war\WEB-INF\lib\aspectjweaver.jar;C:\Users\kaalpurush\workspace\SquareGwt\war\WEB-INF\lib\cglib-nodep-2.1_3.jar;C:\Users\kaalpurush\workspace\SquareGwt\war\WEB-INF\lib\commons-collections-3.1.jar;C:\Users\kaalpurush\workspace\SquareGwt\war\WEB-INF\lib\commons-logging-1.1.1.jar;C:\Users\kaalpurush\workspace\SquareGwt\war\WEB-INF\lib\commons-math-1.2.jar;C:\Users\kaalpurush\workspace\SquareGwt\war\WEB-INF\lib\dom4j-1.6.1.jar;C:\Users\kaalpurush\workspace\SquareGwt\war\WEB-INF\lib\ejb3-persistence.jar;C:\Users\kaalpurush\workspace\SquareGwt\war\WEB-INF\lib\gwt-incubator-march-02-2009.jar;C:\Users\kaalpurush\workspace\SquareGwt\war\WEB-INF\lib\gwt-servlet.jar;C:\Users\kaalpurush\workspace\SquareGwt\war\WEB-INF\lib\gwtrpc-spring-1.0.jar;C:\Users\kaalpurush\workspace\SquareGwt\war\WEB-INF\lib\gxt.jar;C:\Users\kaalpurush\workspace\SquareGwt\war\WEB-INF\lib\hibernate-annotations.jar;C:\Users\kaalpurush\workspace\SquareGwt\war\WEB-INF\lib\hibernate-commons-annotations.jar;C:\Users\kaalpurush\workspace\SquareGwt\war\WEB-INF\lib\hibernate3.jar;C:\Users\kaalpurush\workspace\SquareGwt\war\WEB-INF\lib\javassist-3.4.GA.jar;C:\Users\kaalpurush\workspace\SquareGwt\war\WEB-INF\lib\jta-1.1.jar;C:\Users\kaalpurush\workspace\SquareGwt\war\WEB-INF\lib\junit.jar;C:\Users\kaalpurush\workspace\SquareGwt\war\WEB-INF\lib\mysql-connector-java-5.1.7-bin.jar;C:\Users\kaalpurush\workspace\SquareGwt\war\WEB-INF\lib\slf4j-api-1.5.6.jar;C:\Users\kaalpurush\workspace\SquareGwt\war\WEB-INF\lib\slf4j-simple-1.5.6.jar;C:\Users\kaalpurush\workspace\SquareGwt\war\WEB-INF\lib\spring-test.jar;C:\Users\kaalpurush\workspace\SquareGwt\war\WEB-INF\lib\spring.jar;C:\Users\kaalpurush\workspace\SquareGwt;C:\Program Files\Java\jre6\lib\ext\QTJava.zip;C:\javaSoftware\eclipse_6\eclipse\plugins\org.apache.ant_1.7.0.v200803061910\lib\ant-launcher.jar;C:\javaSoftware\eclipse_6\eclipse\plugins\org.apache.ant_1.7.0.v200803061910\lib\ant.jar;C:\javaSoftware\eclipse_6\eclipse\plugins\org.apache.ant_1.7.0.v200803061910\lib\ant-junit.jar"></property>
    <property name="java.vm.specification.version" value="1.0"></property>
    <property name="sun.arch.data.model" value="32"></property>
    <property name="java.home" value="C:\Program Files\Java\jdk1.6.0_07\jre"></property>
    <property name="java.specification.vendor" value="Sun Microsystems Inc."></property>
    <property name="user.language" value="en"></property>
    <property name="gwt.sdk" value="C:/javaSoftware/eclipse_6/eclipse/plugins/com.google.gwt.eclipse.sdkbundle.win32_1.6.4.v200904062334/gwt-windows-1.6.4"></property>
    <property name="awt.toolkit" value="sun.awt.windows.WToolkit"></property>
    <property name="java.vm.info" value="mixed mode, sharing"></property>
    <property name="gwtproj.output.dir" value="C:\Users\kaalpurush\workspace\SquareGwt/war/WEB-INF/classes"></property>
    <property name="java.version" value="1.6.0_07"></property>
    <property name="java.ext.dirs" value="C:\Program Files\Java\jdk1.6.0_07\jre\lib\ext;C:\Windows\Sun\Java\lib\ext"></property>
    <property name="sun.boot.class.path" value="C:\Program Files\Java\jdk1.6.0_07\jre\lib\resources.jar;C:\Program Files\Java\jdk1.6.0_07\jre\lib\rt.jar;C:\Program Files\Java\jdk1.6.0_07\jre\lib\sunrsasign.jar;C:\Program Files\Java\jdk1.6.0_07\jre\lib\jsse.jar;C:\Program Files\Java\jdk1.6.0_07\jre\lib\jce.jar;C:\Program Files\Java\jdk1.6.0_07\jre\lib\charsets.jar;C:\Program Files\Java\jdk1.6.0_07\jre\classes"></property>
    <property name="java.vendor" value="Sun Microsystems Inc."></property>
    <property name="file.separator" value="\"></property>
    <property name="java.vendor.url.bug" value="http://java.sun.com/cgi-bin/bugreport.cgi"></property>
    <property name="sun.cpu.endian" value="little"></property>
    <property name="sun.io.unicode.encoding" value="UnicodeLittle"></property>
    <property name="sun.desktop" value="windows"></property>
    <property name="sun.cpu.isalist" value="pentium_pro+mmx pentium_pro pentium+mmx pentium i486 i386 i86"></property>
  </properties>
  <testcase classname="edu.cmu.square.client.entryPoint.PrCompareRequirementsPaneTest" name="testSimple" time="34.593">
    <error message="Java heap space" type="java.lang.OutOfMemoryError">java.lang.OutOfMemoryError: Java heap space
	at java.util.Arrays.copyOfRange(Arrays.java:3209)
	at java.lang.String.&lt;init&gt;(String.java:216)
	at java.lang.StringBuffer.toString(StringBuffer.java:585)
	at org.eclipse.jdt.internal.compiler.Compiler.handleInternalException(Compiler.java:568)
	at org.eclipse.jdt.internal.compiler.Compiler.compile(Compiler.java:498)
	at com.google.gwt.dev.javac.JdtCompiler.doCompile(JdtCompiler.java:266)
	at com.google.gwt.dev.javac.CompilationState.compile(CompilationState.java:189)
	at com.google.gwt.dev.javac.CompilationState.refresh(CompilationState.java:178)
	at com.google.gwt.dev.javac.CompilationState.&lt;init&gt;(CompilationState.java:93)
	at com.google.gwt.dev.cfg.ModuleDef.getCompilationState(ModuleDef.java:264)
	at com.google.gwt.dev.cfg.ModuleDef.getTypeOracle(ModuleDef.java:325)
	at com.google.gwt.junit.JUnitShell.checkTestClassInCurrentModule(JUnitShell.java:364)
	at com.google.gwt.junit.JUnitShell.runTestImpl(JUnitShell.java:626)
	at com.google.gwt.junit.JUnitShell.runTest(JUnitShell.java:346)
	at com.google.gwt.junit.client.GWTTestCase.runTest(GWTTestCase.java:219)
	at com.google.gwt.junit.client.GWTTestCase.run(GWTTestCase.java:132)
</error>
  </testcase>
  <system-out><![CDATA[]]></system-out>
  <system-err><![CDATA[128 [main] INFO org.hibernate.cfg.annotations.Version - Hibernate Annotations 3.4.0.GA
221 [main] INFO org.hibernate.cfg.Environment - Hibernate 3.3.1.GA
226 [main] INFO org.hibernate.cfg.Environment - hibernate.properties not found
236 [main] INFO org.hibernate.cfg.Environment - Bytecode provider name : javassist
242 [main] INFO org.hibernate.cfg.Environment - using JDK 1.4 java.sql.Timestamp handling
543 [main] INFO org.hibernate.annotations.common.Version - Hibernate Commons Annotations 3.1.0.GA
848 [main] INFO org.hibernate.cfg.AnnotationBinder - Binding entity from annotated class: edu.cmu.square.server.dao.model.Artifact
931 [main] INFO org.hibernate.cfg.annotations.EntityBinder - Bind entity edu.cmu.square.server.dao.model.Artifact on table artifact
1074 [main] INFO org.hibernate.cfg.AnnotationBinder - Binding entity from annotated class: edu.cmu.square.server.dao.model.Asset
1074 [main] INFO org.hibernate.cfg.annotations.EntityBinder - Bind entity edu.cmu.square.server.dao.model.Asset on table asset
1079 [main] INFO org.hibernate.cfg.AnnotationBinder - Binding entity from annotated class: edu.cmu.square.server.dao.model.Category
1080 [main] INFO org.hibernate.cfg.annotations.EntityBinder - Bind entity edu.cmu.square.server.dao.model.Category on table category
1084 [main] INFO org.hibernate.cfg.AnnotationBinder - Binding entity from annotated class: edu.cmu.square.server.dao.model.EvaluationCriteria
1084 [main] INFO org.hibernate.cfg.annotations.EntityBinder - Bind entity edu.cmu.square.server.dao.model.EvaluationCriteria on table evaluation_criteria
1088 [main] INFO org.hibernate.cfg.AnnotationBinder - Binding entity from annotated class: edu.cmu.square.server.dao.model.Goal
1088 [main] INFO org.hibernate.cfg.annotations.EntityBinder - Bind entity edu.cmu.square.server.dao.model.Goal on table goal
1096 [main] INFO org.hibernate.cfg.AnnotationBinder - Binding entity from annotated class: edu.cmu.square.server.dao.model.GoalType
1097 [main] INFO org.hibernate.cfg.annotations.EntityBinder - Bind entity edu.cmu.square.server.dao.model.GoalType on table goal_type
1102 [main] INFO org.hibernate.cfg.AnnotationBinder - Binding entity from annotated class: edu.cmu.square.server.dao.model.InspectionTechnique
1102 [main] INFO org.hibernate.cfg.annotations.EntityBinder - Bind entity edu.cmu.square.server.dao.model.InspectionTechnique on table inspection_technique
1105 [main] INFO org.hibernate.cfg.AnnotationBinder - Binding entity from annotated class: edu.cmu.square.server.dao.model.NextStep
1105 [main] INFO org.hibernate.cfg.annotations.EntityBinder - Bind entity edu.cmu.square.server.dao.model.NextStep on table next_step
1123 [main] INFO org.hibernate.cfg.AnnotationBinder - Binding entity from annotated class: edu.cmu.square.server.dao.model.Project
1123 [main] INFO org.hibernate.cfg.annotations.EntityBinder - Bind entity edu.cmu.square.server.dao.model.Project on table project
1145 [main] INFO org.hibernate.cfg.AnnotationBinder - Binding entity from annotated class: edu.cmu.square.server.dao.model.ProjectStep
1146 [main] INFO org.hibernate.cfg.annotations.EntityBinder - Bind entity edu.cmu.square.server.dao.model.ProjectStep on table project_step
1148 [main] INFO org.hibernate.cfg.AnnotationBinder - Binding entity from annotated class: edu.cmu.square.server.dao.model.Requirement
1149 [main] INFO org.hibernate.cfg.annotations.EntityBinder - Bind entity edu.cmu.square.server.dao.model.Requirement on table requirement
1162 [main] INFO org.hibernate.cfg.AnnotationBinder - Binding entity from annotated class: edu.cmu.square.server.dao.model.Risk
1162 [main] INFO org.hibernate.cfg.annotations.EntityBinder - Bind entity edu.cmu.square.server.dao.model.Risk on table risk
1173 [main] INFO org.hibernate.cfg.AnnotationBinder - Binding entity from annotated class: edu.cmu.square.server.dao.model.Role
1173 [main] INFO org.hibernate.cfg.annotations.EntityBinder - Bind entity edu.cmu.square.server.dao.model.Role on table role
1181 [main] INFO org.hibernate.cfg.AnnotationBinder - Binding entity from annotated class: edu.cmu.square.server.dao.model.Site
1181 [main] INFO org.hibernate.cfg.annotations.EntityBinder - Bind entity edu.cmu.square.server.dao.model.Site on table site
1185 [main] INFO org.hibernate.cfg.AnnotationBinder - Binding entity from annotated class: edu.cmu.square.server.dao.model.Step
1186 [main] INFO org.hibernate.cfg.annotations.EntityBinder - Bind entity edu.cmu.square.server.dao.model.Step on table step
1196 [main] INFO org.hibernate.cfg.AnnotationBinder - Binding entity from annotated class: edu.cmu.square.server.dao.model.Technique
1196 [main] INFO org.hibernate.cfg.annotations.EntityBinder - Bind entity edu.cmu.square.server.dao.model.Technique on table technique
1201 [main] INFO org.hibernate.cfg.AnnotationBinder - Binding entity from annotated class: edu.cmu.square.server.dao.model.TechniqueEvaluationCriteria
1201 [main] INFO org.hibernate.cfg.annotations.EntityBinder - Bind entity edu.cmu.square.server.dao.model.TechniqueEvaluationCriteria on table technique_evaluation_criteria
1206 [main] INFO org.hibernate.cfg.AnnotationBinder - Binding entity from annotated class: edu.cmu.square.server.dao.model.Term
1206 [main] INFO org.hibernate.cfg.annotations.EntityBinder - Bind entity edu.cmu.square.server.dao.model.Term on table term
1211 [main] INFO org.hibernate.cfg.AnnotationBinder - Binding entity from annotated class: edu.cmu.square.server.dao.model.User
1211 [main] INFO org.hibernate.cfg.annotations.EntityBinder - Bind entity edu.cmu.square.server.dao.model.User on table user
1227 [main] INFO org.hibernate.cfg.AnnotationBinder - Binding entity from annotated class: edu.cmu.square.server.dao.model.UserAhp
1227 [main] INFO org.hibernate.cfg.annotations.EntityBinder - Bind entity edu.cmu.square.server.dao.model.UserAhp on table user_ahp
1237 [main] INFO org.hibernate.cfg.AnnotationBinder - Binding entity from annotated class: edu.cmu.square.server.dao.model.UserProjectRole
1237 [main] INFO org.hibernate.cfg.annotations.EntityBinder - Bind entity edu.cmu.square.server.dao.model.UserProjectRole on table user_project_role
1241 [main] INFO org.hibernate.cfg.AnnotationBinder - Binding entity from annotated class: edu.cmu.square.server.dao.model.Vulnerability
1242 [main] INFO org.hibernate.cfg.annotations.EntityBinder - Bind entity edu.cmu.square.server.dao.model.Vulnerability on table vulnerability
1522 [main] INFO org.hibernate.cfg.annotations.CollectionBinder - Mapping collection: edu.cmu.square.server.dao.model.GoalType.goals -> goal
1523 [main] INFO org.hibernate.cfg.annotations.CollectionBinder - Mapping collection: edu.cmu.square.server.dao.model.Project.artifacts -> artifact
1523 [main] INFO org.hibernate.cfg.annotations.CollectionBinder - Mapping collection: edu.cmu.square.server.dao.model.Project.assets -> asset
1523 [main] INFO org.hibernate.cfg.annotations.CollectionBinder - Mapping collection: edu.cmu.square.server.dao.model.Project.categories -> category
1523 [main] INFO org.hibernate.cfg.annotations.CollectionBinder - Mapping collection: edu.cmu.square.server.dao.model.Project.goals -> goal
1523 [main] INFO org.hibernate.cfg.annotations.CollectionBinder - Mapping collection: edu.cmu.square.server.dao.model.Project.inspectionTechniques -> inspection_technique
1523 [main] INFO org.hibernate.cfg.annotations.CollectionBinder - Mapping collection: edu.cmu.square.server.dao.model.Project.projectSteps -> project_step
1523 [main] INFO org.hibernate.cfg.annotations.CollectionBinder - Mapping collection: edu.cmu.square.server.dao.model.Project.requirements -> requirement
1524 [main] INFO org.hibernate.cfg.annotations.CollectionBinder - Mapping collection: edu.cmu.square.server.dao.model.Project.risks -> risk
1524 [main] INFO org.hibernate.cfg.annotations.CollectionBinder - Mapping collection: edu.cmu.square.server.dao.model.Project.techniqueEvaluations -> evaluation_criteria
1524 [main] INFO org.hibernate.cfg.annotations.CollectionBinder - Mapping collection: edu.cmu.square.server.dao.model.Project.techniques -> technique
1524 [main] INFO org.hibernate.cfg.annotations.CollectionBinder - Mapping collection: edu.cmu.square.server.dao.model.Project.terms -> term
1524 [main] INFO org.hibernate.cfg.annotations.CollectionBinder - Mapping collection: edu.cmu.square.server.dao.model.Project.vulnerabilities -> vulnerability
1525 [main] INFO org.hibernate.cfg.annotations.CollectionBinder - Mapping collection: edu.cmu.square.server.dao.model.Requirement.userAhpsForRidA -> user_ahp
1525 [main] INFO org.hibernate.cfg.annotations.CollectionBinder - Mapping collection: edu.cmu.square.server.dao.model.Requirement.userAhpsForRidB -> user_ahp
1525 [main] INFO org.hibernate.cfg.annotations.CollectionBinder - Mapping collection: edu.cmu.square.server.dao.model.Step.nextStepsForCurrentStepId -> next_step
1526 [main] INFO org.hibernate.cfg.annotations.CollectionBinder - Mapping collection: edu.cmu.square.server.dao.model.Step.nextStepsForNextStepId -> next_step
1526 [main] INFO org.hibernate.cfg.annotations.CollectionBinder - Mapping collection: edu.cmu.square.server.dao.model.Step.projectSteps -> project_step
1527 [main] INFO org.hibernate.cfg.annotations.CollectionBinder - Mapping collection: edu.cmu.square.server.dao.model.User.userAhps -> user_ahp
1527 [main] INFO org.hibernate.cfg.annotations.CollectionBinder - Mapping collection: edu.cmu.square.server.dao.model.Vulnerability.risks -> risk
1539 [main] INFO org.hibernate.cfg.AnnotationConfiguration - Hibernate Validator not found: ignoring
1545 [main] INFO org.hibernate.cfg.search.HibernateSearchEventListenerRegister - Unable to find org.hibernate.search.event.FullTextIndexEventListener on the classpath. Hibernate Search is not enabled.
1650 [main] INFO org.hibernate.connection.ConnectionProviderFactory - Initializing connection provider: org.springframework.orm.hibernate3.LocalDataSourceConnectionProvider
2251 [main] INFO org.hibernate.cfg.SettingsFactory - RDBMS: MySQL, version: 5.0.67-community-nt
2251 [main] INFO org.hibernate.cfg.SettingsFactory - JDBC driver: MySQL-AB JDBC Driver, version: mysql-connector-java-5.1.7 ( Revision: ${svn.Revision} )
2281 [main] INFO org.hibernate.dialect.Dialect - Using dialect: org.hibernate.dialect.MySQL5InnoDBDialect
2289 [main] INFO org.hibernate.transaction.TransactionFactoryFactory - Transaction strategy: org.springframework.orm.hibernate3.SpringTransactionFactory
2290 [main] INFO org.hibernate.transaction.TransactionManagerLookupFactory - No TransactionManagerLookup configured (in JTA environment, use of read-write or transactional second-level cache is not recommended)
2290 [main] INFO org.hibernate.cfg.SettingsFactory - Automatic flush during beforeCompletion(): disabled
2290 [main] INFO org.hibernate.cfg.SettingsFactory - Automatic session close at end of transaction: disabled
2290 [main] INFO org.hibernate.cfg.SettingsFactory - JDBC batch size: 15
2290 [main] INFO org.hibernate.cfg.SettingsFactory - JDBC batch updates for versioned data: disabled
2291 [main] INFO org.hibernate.cfg.SettingsFactory - Scrollable result sets: enabled
2291 [main] INFO org.hibernate.cfg.SettingsFactory - JDBC3 getGeneratedKeys(): enabled
2291 [main] INFO org.hibernate.cfg.SettingsFactory - Connection release mode: auto
2292 [main] INFO org.hibernate.cfg.SettingsFactory - Maximum outer join fetch depth: 2
2295 [main] INFO org.hibernate.cfg.SettingsFactory - Default batch fetch size: 1
2295 [main] INFO org.hibernate.cfg.SettingsFactory - Generate SQL with comments: disabled
2295 [main] INFO org.hibernate.cfg.SettingsFactory - Order SQL updates by primary key: disabled
2295 [main] INFO org.hibernate.cfg.SettingsFactory - Order SQL inserts for batching: disabled
2295 [main] INFO org.hibernate.cfg.SettingsFactory - Query translator: org.hibernate.hql.ast.ASTQueryTranslatorFactory
2298 [main] INFO org.hibernate.hql.ast.ASTQueryTranslatorFactory - Using ASTQueryTranslatorFactory
2298 [main] INFO org.hibernate.cfg.SettingsFactory - Query language substitutions: {}
2298 [main] INFO org.hibernate.cfg.SettingsFactory - JPA-QL strict compliance: disabled
2298 [main] INFO org.hibernate.cfg.SettingsFactory - Second-level cache: enabled
2298 [main] INFO org.hibernate.cfg.SettingsFactory - Query cache: disabled
2298 [main] INFO org.hibernate.cfg.SettingsFactory - Cache region factory : org.hibernate.cache.impl.NoCachingRegionFactory
2299 [main] INFO org.hibernate.cfg.SettingsFactory - Optimize cache for minimal puts: disabled
2299 [main] INFO org.hibernate.cfg.SettingsFactory - Structured second-level cache entries: disabled
2306 [main] INFO org.hibernate.cfg.SettingsFactory - Echoing all SQL to stdout
2307 [main] INFO org.hibernate.cfg.SettingsFactory - Statistics: disabled
2307 [main] INFO org.hibernate.cfg.SettingsFactory - Deleted entity synthetic identifier rollback: disabled
2307 [main] INFO org.hibernate.cfg.SettingsFactory - Default entity-mode: pojo
2307 [main] INFO org.hibernate.cfg.SettingsFactory - Named query checking : enabled
2422 [main] INFO org.hibernate.impl.SessionFactoryImpl - building session factory
3484 [main] INFO org.hibernate.impl.SessionFactoryObjectFactory - Not binding factory to JNDI, no JNDI name configured
]]></system-err>
</testsuite>
