<?xml version="1.0" encoding="UTF-8" ?>
<testsuite errors="4" failures="0" hostname="cmu-206444.wv.cc.cmu.edu" name="edu.cmu.square.server.business.implementation.AgreeOnDefinitionsBusinessImplTest" tests="4" time="18.791" timestamp="2011-06-06T21:27:53">
  <properties>
    <property name="java.vendor" value="Apple Inc."></property>
    <property name="username" value="tomcat"></property>
    <property name="sun.java.launcher" value="SUN_STANDARD"></property>
    <property name="eclipse.pdebuild.templates" value="/Applications/eclipse_new/plugins/org.eclipse.pde.build_3.6.2.R36x_20110203/templates//"></property>
    <property name="sun.management.compiler" value="HotSpot Client Compiler"></property>
    <property name="os.name" value="Mac OS X"></property>
    <property name="sun.boot.class.path" value="/System/Library/Java/JavaVirtualMachines/1.6.0.jdk/Contents/Classes/jsfd.jar:/System/Library/Java/JavaVirtualMachines/1.6.0.jdk/Contents/Classes/classes.jar:/System/Library/Frameworks/JavaVM.framework/Frameworks/JavaRuntimeSupport.framework/Resources/Java/JavaRuntimeSupport.jar:/System/Library/Java/JavaVirtualMachines/1.6.0.jdk/Contents/Classes/ui.jar:/System/Library/Java/JavaVirtualMachines/1.6.0.jdk/Contents/Classes/laf.jar:/System/Library/Java/JavaVirtualMachines/1.6.0.jdk/Contents/Classes/sunrsasign.jar:/System/Library/Java/JavaVirtualMachines/1.6.0.jdk/Contents/Classes/jsse.jar:/System/Library/Java/JavaVirtualMachines/1.6.0.jdk/Contents/Classes/jce.jar:/System/Library/Java/JavaVirtualMachines/1.6.0.jdk/Contents/Classes/charsets.jar"></property>
    <property name="env.TMPDIR" value="/var/folders/0D/0DNr717JFcO4deb1Wz6TOU+++TI/-Tmp-/"></property>
    <property name="gwt.sdk" value="/usr/local/lib/gwt-2.1.0"></property>
    <property name="java.vm.specification.vendor" value="Sun Microsystems Inc."></property>
    <property name="ant.home" value="/Applications/eclipse_new/plugins/org.apache.ant_1.7.1.v20100518-1145"></property>
    <property name="java.runtime.version" value="1.6.0_24-b07-334-10M3326"></property>
    <property name="env.Apple_PubSub_Socket_Render" value="/tmp/launch-Q0qFGt/Render"></property>
    <property name="env.DISPLAY" value="/tmp/launch-PLQokp/org.x:0"></property>
    <property name="user.name" value="kalluskydominik"></property>
    <property name="env.USER" value="kalluskydominik"></property>
    <property name="env.SHELL" value="/bin/bash"></property>
    <property name="env.__CF_USER_TEXT_ENCODING" value="0x1F5:0:0"></property>
    <property name="awt.nativeDoubleBuffering" value="true"></property>
    <property name="ant.file.SquareGwt" value="/Users/kalluskydominik/Documents/workspace/SquareGwt/build.xml"></property>
    <property name="env.PATH" value="/usr/bin:/bin:/usr/sbin:/sbin"></property>
    <property name="user.language" value="en"></property>
    <property name="sun.boot.library.path" value="/System/Library/Java/JavaVirtualMachines/1.6.0.jdk/Contents/Libraries"></property>
    <property name="url" value="http://localhost:8080/manager"></property>
    <property name="ant.project.name" value="SquareGwt"></property>
    <property name="java.version" value="1.6.0_24"></property>
    <property name="user.timezone" value=""></property>
    <property name="env.JAVA_STARTED_ON_FIRST_THREAD_878" value="1"></property>
    <property name="sun.arch.data.model" value="32"></property>
    <property name="http.nonProxyHosts" value="local|*.local|169.254/16|*.169.254/16"></property>
    <property name="java.endorsed.dirs" value="/System/Library/Java/JavaVirtualMachines/1.6.0.jdk/Contents/Home/lib/endorsed"></property>
    <property name="sun.cpu.isalist" value=""></property>
    <property name="sun.jnu.encoding" value="MacRoman"></property>
    <property name="file.encoding.pkg" value="sun.io"></property>
    <property name="file.separator" value="/"></property>
    <property name="java.specification.name" value="Java Platform API Specification"></property>
    <property name="java.class.version" value="50.0"></property>
    <property name="user.country" value="US"></property>
    <property name="java.home" value="/System/Library/Java/JavaVirtualMachines/1.6.0.jdk/Contents/Home"></property>
    <property name="java.vm.info" value="mixed mode"></property>
    <property name="env.LOGNAME" value="kalluskydominik"></property>
    <property name="ant.file" value="/Users/kalluskydominik/Documents/workspace/SquareGwt/build.xml"></property>
    <property name="os.version" value="10.6.7"></property>
    <property name="test.reports" value="/Users/kalluskydominik/Documents/workspace/SquareGwt/tests/test_reports"></property>
    <property name="path.separator" value=":"></property>
    <property name="java.vm.version" value="19.1-b02-334"></property>
    <property name="ant.library.dir" value="/Applications/eclipse_new/plugins/org.apache.ant_1.7.1.v20100518-1145/lib"></property>
    <property name="java.awt.printerjob" value="apple.awt.CPrinterJob"></property>
    <property name="path" value="/SquareGwt"></property>
    <property name="sun.io.unicode.encoding" value="UnicodeLittle"></property>
    <property name="awt.toolkit" value="apple.awt.CToolkit"></property>
    <property name="socksNonProxyHosts" value="local|*.local|169.254/16|*.169.254/16"></property>
    <property name="ftp.nonProxyHosts" value="local|*.local|169.254/16|*.169.254/16"></property>
    <property name="eclipse.pdebuild.scripts" value="/Applications/eclipse_new/plugins/org.eclipse.pde.build_3.6.2.R36x_20110203/scripts//"></property>
    <property name="user.home" value="/Users/kalluskydominik"></property>
    <property name="target" value="1.6"></property>
    <property name="env.JAVA_MAIN_CLASS_3114" value="org.eclipse.ant.internal.launching.remote.InternalAntRunner"></property>
    <property name="java.specification.vendor" value="Sun Microsystems Inc."></property>
    <property name="java.library.path" value=".:/Library/Java/Extensions:/System/Library/Java/Extensions:/usr/lib/java"></property>
    <property name="java.vendor.url" value="http://www.apple.com/"></property>
    <property name="java.vm.vendor" value="Apple Inc."></property>
    <property name="gopherProxySet" value="false"></property>
    <property name="java.runtime.name" value="Java(TM) SE Runtime Environment"></property>
    <property name="java.class.path" value="/Users/kalluskydominik/Documents/workspace/SquareGwt/lib/junit.jar:/Users/kalluskydominik/Documents/workspace/SquareGwt/war/WEB-INF/classes:/Users/kalluskydominik/Documents/workspace/SquareGwt/war/WEB-INF/lib/hibernate3.jar:/Users/kalluskydominik/Documents/workspace/SquareGwt/war/WEB-INF/lib/mysql-connector-java-5.1.7-bin.jar:/Users/kalluskydominik/Documents/workspace/SquareGwt/war/WEB-INF/lib/ejb3-persistence.jar:/Users/kalluskydominik/Documents/workspace/SquareGwt/war/WEB-INF/lib/hibernate-commons-annotations.jar:/Users/kalluskydominik/Documents/workspace/SquareGwt/war/WEB-INF/lib/hibernate-annotations.jar:/Users/kalluskydominik/Documents/workspace/SquareGwt/war/WEB-INF/lib/antlr-2.7.6.jar:/Users/kalluskydominik/Documents/workspace/SquareGwt/war/WEB-INF/lib/commons-collections-3.1.jar:/Users/kalluskydominik/Documents/workspace/SquareGwt/war/WEB-INF/lib/dom4j-1.6.1.jar:/Users/kalluskydominik/Documents/workspace/SquareGwt/war/WEB-INF/lib/javassist-3.4.GA.jar:/Users/kalluskydominik/Documents/workspace/SquareGwt/war/WEB-INF/lib/jta-1.1.jar:/Users/kalluskydominik/Documents/workspace/SquareGwt/war/WEB-INF/lib/slf4j-simple-1.5.6.jar:/Users/kalluskydominik/Documents/workspace/SquareGwt/war/WEB-INF/lib/slf4j-api-1.5.6.jar:/Users/kalluskydominik/Documents/workspace/SquareGwt/war/WEB-INF/lib/gwtrpc-spring-1.0.jar:/Users/kalluskydominik/Documents/workspace/SquareGwt/war/WEB-INF/lib/cglib-nodep-2.1_3.jar:/Users/kalluskydominik/Documents/workspace/SquareGwt/war/WEB-INF/lib/antlrworks-1.2.3.jar:/Users/kalluskydominik/Documents/workspace/SquareGwt/war/WEB-INF/lib/spring-test.jar:/Users/kalluskydominik/Documents/workspace/SquareGwt/war/WEB-INF/lib/spring.jar:/Users/kalluskydominik/Documents/workspace/SquareGwt/war/WEB-INF/lib/commons-logging-1.1.1.jar:/Users/kalluskydominik/Documents/workspace/SquareGwt/war/WEB-INF/lib/aspectjrt.jar:/Users/kalluskydominik/Documents/workspace/SquareGwt/war/WEB-INF/lib/aspectjweaver.jar:/Users/kalluskydominik/Documents/workspace/SquareGwt/war/WEB-INF/lib/junit.jar:/Users/kalluskydominik/Documents/workspace/SquareGwt/war/WEB-INF/lib/commons-math-1.2.jar:/Users/kalluskydominik/Documents/workspace/SquareGwt/war/WEB-INF/lib/activation.jar:/Users/kalluskydominik/Documents/workspace/SquareGwt/war/WEB-INF/lib/mail.jar:/Users/kalluskydominik/Documents/workspace/SquareGwt/war/WEB-INF/lib/velocity-1.5.jar:/Users/kalluskydominik/Documents/workspace/SquareGwt/war/WEB-INF/lib/commons-lang.jar:/Users/kalluskydominik/Documents/workspace/SquareGwt/war/WEB-INF/lib/log4j-1.2.15.jar:/Users/kalluskydominik/Documents/workspace/SquareGwt/war/WEB-INF/lib/jaxen-1.1-beta-6.jar:/Users/kalluskydominik/Documents/workspace/SquareGwt/war/WEB-INF/lib/xercesImpl.jar:/Users/kalluskydominik/Documents/workspace/SquareGwt/war/WEB-INF/lib/xml-apis.jar:/Users/kalluskydominik/Documents/workspace/SquareGwt/war/WEB-INF/lib/xalan.jar:/Users/kalluskydominik/Documents/workspace/SquareGwt/war/WEB-INF/lib/serializer.jar:/Users/kalluskydominik/Documents/workspace/SquareGwt/war/WEB-INF/lib/commons-fileupload.jar:/Users/kalluskydominik/Documents/workspace/SquareGwt/war/WEB-INF/lib/commons-io.jar:/Users/kalluskydominik/Documents/workspace/SquareGwt/war/WEB-INF/lib/gxt-2.2.4-gwt2.jar:/Users/kalluskydominik/Documents/workspace/SquareGwt/war/WEB-INF/lib/gwt-incubator-20101117-r1766.jar:/Users/kalluskydominik/Documents/workspace/SquareGwt/war/WEB-INF/lib/gwt-dev.jar:/Users/kalluskydominik/Documents/workspace/SquareGwt/war/WEB-INF/lib/gwt-user.jar:/Users/kalluskydominik/Documents/workspace/SquareGwt/war/WEB-INF/lib/gwt-servlet.jar:/Users/kalluskydominik/Documents/workspace/SquareGwt/war/WEB-INF/lib/catalina-ant.jar:/Applications/eclipse_new/plugins/org.apache.ant_1.7.1.v20100518-1145/lib/ant-launcher.jar:/Applications/eclipse_new/plugins/org.apache.ant_1.7.1.v20100518-1145/lib/ant.jar:/Applications/eclipse_new/plugins/org.apache.ant_1.7.1.v20100518-1145/lib/ant-junit.jar"></property>
    <property name="ant.version" value="Apache Ant version 1.7.1 compiled on June 27 2008"></property>
    <property name="java.vm.specification.name" value="Java Virtual Machine Specification"></property>
    <property name="java.vm.specification.version" value="1.0"></property>
    <property name="sun.cpu.endian" value="little"></property>
    <property name="sun.os.patch.level" value="unknown"></property>
    <property name="debuglevel" value="source,lines,vars"></property>
    <property name="env.HOME" value="/Users/kalluskydominik"></property>
    <property name="env.ANT_HOME" value="/Applications/eclipse_new/plugins/org.apache.ant_1.7.1.v20100518-1145"></property>
    <property name="java.io.tmpdir" value="/var/folders/0D/0DNr717JFcO4deb1Wz6TOU+++TI/-Tmp-/"></property>
    <property name="eclipse.pdebuild.home" value="/Applications/eclipse_new/plugins/org.eclipse.pde.build_3.6.2.R36x_20110203/.//"></property>
    <property name="java.vendor.url.bug" value="http://bugreport.apple.com/"></property>
    <property name="env.SSH_AUTH_SOCK" value="/tmp/launch-G59YD3/Listeners"></property>
    <property name="env.COMMAND_MODE" value="unix2003"></property>
    <property name="env.APP_ICON_878" value="../Resources/Eclipse.icns"></property>
    <property name="mrj.build" value="10M3326"></property>
    <property name="java.awt.graphicsenv" value="apple.awt.CGraphicsEnvironment"></property>
    <property name="os.arch" value="i386"></property>
    <property name="gwtproj.output.dir" value="/Users/kalluskydominik/Documents/workspace/SquareGwt/war/WEB-INF/classes"></property>
    <property name="env.JAVA_STARTED_ON_FIRST_THREAD_3114" value="1"></property>
    <property name="java.ext.dirs" value="/Library/Java/Extensions:/System/Library/Java/Extensions:/System/Library/Java/JavaVirtualMachines/1.6.0.jdk/Contents/Home/lib/ext"></property>
    <property name="user.dir" value="/Users/kalluskydominik/Documents/workspace/SquareGwt"></property>
    <property name="env.com.apple.java.jvmTask" value="JNI.java"></property>
    <property name="mrj.version" value="1060.1.6.0_24-334"></property>
    <property name="password" value="tomcat"></property>
    <property name="line.separator" value="
"></property>
    <property name="java.vm.name" value="Java HotSpot(TM) Client VM"></property>
    <property name="basedir" value="/Users/kalluskydominik/Documents/workspace/SquareGwt"></property>
    <property name="gwt.args" value=""></property>
    <property name="ant.java.version" value="1.6"></property>
    <property name="ant.core.lib" value="/Applications/eclipse_new/plugins/org.apache.ant_1.7.1.v20100518-1145/lib/ant.jar"></property>
    <property name="source" value="1.6"></property>
    <property name="file.encoding" value="MacRoman"></property>
    <property name="java.specification.version" value="1.6"></property>
  </properties>
  <testcase classname="edu.cmu.square.server.business.implementation.AgreeOnDefinitionsBusinessImplTest" name="testloadDefaultTerms" time="0.883">
    <error type="java.lang.NullPointerException">java.lang.NullPointerException
	at edu.cmu.square.server.dao.model.Project.createGwtProject(Project.java:482)
	at edu.cmu.square.server.business.implementation.AgreeOnDefinitionsBusinessImplTest.setupTest(AgreeOnDefinitionsBusinessImplTest.java:35)
	at org.springframework.test.context.junit4.SpringMethodRoadie.runBefores(SpringMethodRoadie.java:273)
	at org.springframework.test.context.junit4.SpringMethodRoadie$RunBeforesThenTestThenAfters.run(SpringMethodRoadie.java:332)
	at org.springframework.test.context.junit4.SpringMethodRoadie.runWithRepetitions(SpringMethodRoadie.java:217)
	at org.springframework.test.context.junit4.SpringMethodRoadie.runTest(SpringMethodRoadie.java:197)
	at org.springframework.test.context.junit4.SpringMethodRoadie.run(SpringMethodRoadie.java:143)
	at org.springframework.test.context.junit4.SpringJUnit4ClassRunner.invokeTestMethod(SpringJUnit4ClassRunner.java:160)
	at org.springframework.test.context.junit4.SpringJUnit4ClassRunner.run(SpringJUnit4ClassRunner.java:97)
</error>
  </testcase>
  <testcase classname="edu.cmu.square.server.business.implementation.AgreeOnDefinitionsBusinessImplTest" name="testAddTerm" time="0.106">
    <error type="java.lang.NullPointerException">java.lang.NullPointerException
	at edu.cmu.square.server.dao.model.Project.createGwtProject(Project.java:482)
	at edu.cmu.square.server.business.implementation.AgreeOnDefinitionsBusinessImplTest.setupTest(AgreeOnDefinitionsBusinessImplTest.java:35)
	at org.springframework.test.context.junit4.SpringMethodRoadie.runBefores(SpringMethodRoadie.java:273)
	at org.springframework.test.context.junit4.SpringMethodRoadie$RunBeforesThenTestThenAfters.run(SpringMethodRoadie.java:332)
	at org.springframework.test.context.junit4.SpringMethodRoadie.runWithRepetitions(SpringMethodRoadie.java:217)
	at org.springframework.test.context.junit4.SpringMethodRoadie.runTest(SpringMethodRoadie.java:197)
	at org.springframework.test.context.junit4.SpringMethodRoadie.run(SpringMethodRoadie.java:143)
	at org.springframework.test.context.junit4.SpringJUnit4ClassRunner.invokeTestMethod(SpringJUnit4ClassRunner.java:160)
	at org.springframework.test.context.junit4.SpringJUnit4ClassRunner.run(SpringJUnit4ClassRunner.java:97)
</error>
  </testcase>
  <testcase classname="edu.cmu.square.server.business.implementation.AgreeOnDefinitionsBusinessImplTest" name="testRemoveTerm" time="0.415">
    <error type="java.lang.NullPointerException">java.lang.NullPointerException
	at edu.cmu.square.server.dao.model.Project.createGwtProject(Project.java:482)
	at edu.cmu.square.server.business.implementation.AgreeOnDefinitionsBusinessImplTest.setupTest(AgreeOnDefinitionsBusinessImplTest.java:35)
	at org.springframework.test.context.junit4.SpringMethodRoadie.runBefores(SpringMethodRoadie.java:273)
	at org.springframework.test.context.junit4.SpringMethodRoadie$RunBeforesThenTestThenAfters.run(SpringMethodRoadie.java:332)
	at org.springframework.test.context.junit4.SpringMethodRoadie.runWithRepetitions(SpringMethodRoadie.java:217)
	at org.springframework.test.context.junit4.SpringMethodRoadie.runTest(SpringMethodRoadie.java:197)
	at org.springframework.test.context.junit4.SpringMethodRoadie.run(SpringMethodRoadie.java:143)
	at org.springframework.test.context.junit4.SpringJUnit4ClassRunner.invokeTestMethod(SpringJUnit4ClassRunner.java:160)
	at org.springframework.test.context.junit4.SpringJUnit4ClassRunner.run(SpringJUnit4ClassRunner.java:97)
</error>
  </testcase>
  <testcase classname="edu.cmu.square.server.business.implementation.AgreeOnDefinitionsBusinessImplTest" name="testUpdateTerm" time="0.045">
    <error type="java.lang.NullPointerException">java.lang.NullPointerException
	at edu.cmu.square.server.dao.model.Project.createGwtProject(Project.java:482)
	at edu.cmu.square.server.business.implementation.AgreeOnDefinitionsBusinessImplTest.setupTest(AgreeOnDefinitionsBusinessImplTest.java:35)
	at org.springframework.test.context.junit4.SpringMethodRoadie.runBefores(SpringMethodRoadie.java:273)
	at org.springframework.test.context.junit4.SpringMethodRoadie$RunBeforesThenTestThenAfters.run(SpringMethodRoadie.java:332)
	at org.springframework.test.context.junit4.SpringMethodRoadie.runWithRepetitions(SpringMethodRoadie.java:217)
	at org.springframework.test.context.junit4.SpringMethodRoadie.runTest(SpringMethodRoadie.java:197)
	at org.springframework.test.context.junit4.SpringMethodRoadie.run(SpringMethodRoadie.java:143)
	at org.springframework.test.context.junit4.SpringJUnit4ClassRunner.invokeTestMethod(SpringJUnit4ClassRunner.java:160)
	at org.springframework.test.context.junit4.SpringJUnit4ClassRunner.run(SpringJUnit4ClassRunner.java:97)
</error>
  </testcase>
  <system-out><![CDATA[ INFO [main] (TestContextManager.java:167) - @TestExecutionListeners is not present for class [class edu.cmu.square.server.business.implementation.AgreeOnDefinitionsBusinessImplTest]: using defaults.
 INFO [main] (XmlBeanDefinitionReader.java:323) - Loading XML bean definitions from file [/Users/kalluskydominik/Documents/workspace/SquareGwt/war/WEB-INF/classes/applicationContext-hibernate.xml]
 INFO [main] (XmlBeanDefinitionReader.java:323) - Loading XML bean definitions from file [/Users/kalluskydominik/Documents/workspace/SquareGwt/war/WEB-INF/classes/applicationContext-jdbc.xml]
 INFO [main] (AbstractApplicationContext.java:411) - Refreshing org.springframework.context.support.GenericApplicationContext@110c31: display name [org.springframework.context.support.GenericApplicationContext@110c31]; startup date [Mon Jun 06 17:27:54 EDT 2011]; root of context hierarchy
 INFO [main] (AbstractApplicationContext.java:426) - Bean factory for application context [org.springframework.context.support.GenericApplicationContext@110c31]: org.springframework.beans.factory.support.DefaultListableBeanFactory@1e4a47e
 INFO [main] (PropertiesLoaderSupport.java:178) - Loading properties file from class path resource [square.properties]
 INFO [main] (DefaultListableBeanFactory.java:414) - Pre-instantiating singletons in org.springframework.beans.factory.support.DefaultListableBeanFactory@1e4a47e: defining beans [org.springframework.context.annotation.internalPersistenceAnnotationProcessor,org.springframework.context.annotation.internalCommonAnnotationProcessor,org.springframework.context.annotation.internalAutowiredAnnotationProcessor,org.springframework.context.annotation.internalRequiredAnnotationProcessor,authorizationAspect,exceptionAspect,chooseCaseBusinessImpl,chooseProjectBusinessImpl,exportBusinessImpl,logInBusinessImpl,manageProjectBusinessImpl,manageSiteBusinessImpl,stepBusinessImpl,uploadRequirementsBusinessImpl,agreeOnDefinitionsBusinessImpl,categorizeRequirementsBusinessImpl,collectArtifactsBusinessImpl,elicitationTechniqueBusinessImpl,elicitRequirementsBusinessImpl,identifyGoalsAssetsBusinessImpl,inspectionTechniqueBusinessImpl,prioritizeRequirementBusinessImpl,riskAssessmentBusinessImpl,hbnArtifactDao,hbnAsquareCaseDao,hbnAssetDao,hbnCategoryDao,hbnGoalDao,hbnInspectionTechniqueDao,hbnProjectDao,hbnProjectStepDao,hbnRequirementDao,hbnRiskDao,hbnRoleDao,hbnStepDao,hbnTechniqueDao,hbnTechniqueEvaluationCriteriaDao,hbnTechniqueEvaluationDao,hbnTermDao,hbnUserAhpDao,hbnUserDao,hbnUserProjectRoleDao,appPropertiesServiceImpl,chooseCaseServiceImpl,chooseProjectServiceImpl,LogInService,manageProjectServiceImpl,manageSiteServiceImpl,stepServiceImpl,agreeOnDefinitionsServiceImpl,categorizeRequirementsServiceImpl,collectArtifactsServiceImpl,elicitationTechniqueServiceImpl,elicitRequirementServiceImpl,identifyGoalsAssetsServiceImpl,inspectionTechniqueServiceImpl,prioritizeRequirementsServiceImpl,riskAssessmentServiceImpl,xmlExportServlet,org.springframework.aop.config.internalAutoProxyCreator,org.springframework.transaction.annotation.AnnotationTransactionAttributeSource#0,org.springframework.transaction.interceptor.TransactionInterceptor#0,org.springframework.transaction.config.internalTransactionAdvisor,transactionManager,sessionFactory,mailSender,resetPasswordTemplateEmail,userCreatedMessage,velocityEngine,org.springframework.beans.factory.config.PropertyPlaceholderConfigurer#0,dataSource]; root of factory hierarchy
 INFO [main] (DriverManagerDataSource.java:155) - Loaded JDBC driver: com.mysql.jdbc.Driver
 INFO [main] (LocalSessionFactoryBean.java:730) - Building new Hibernate SessionFactory
 INFO [main] (CommonsLoggingLogSystem.java:49) - LogSystem has been deprecated. Please use a LogChute implementation.
 INFO [main] (HibernateTransactionManager.java:421) - Using DataSource [org.springframework.jdbc.datasource.DriverManagerDataSource@131f919] of Hibernate SessionFactory for HibernateTransactionManager
 INFO [main] (TransactionalTestExecutionListener.java:259) - Began transaction (1): transaction manager [org.springframework.orm.hibernate3.HibernateTransactionManager@3f58bb]; rollback [true]
Hibernate: insert into user (date_created, date_modified, department, email, full_name, isAdmin, location, locked, organization, password, phone, skip_teach_step, username) values (?, ?, ?, ?, ?, ?, ?, ?, ?, ?, ?, ?, ?)
Hibernate: insert into project (cases, date_created, date_modified, inspectionStatus, inspectionId, lead_requirements_engineer, lite, name, privacy, ptid, privacyTechniqueRationale, security, stid, securityTechniqueRationale) values (?, ?, ?, ?, ?, ?, ?, ?, ?, ?, ?, ?, ?, ?)
Hibernate: insert into user (date_created, date_modified, department, email, full_name, isAdmin, location, locked, organization, password, phone, skip_teach_step, username) values (?, ?, ?, ?, ?, ?, ?, ?, ?, ?, ?, ?, ?)
Hibernate: select role0_.id as id12_, role0_.date_created as date2_12_, role0_.date_modified as date3_12_, role0_.description as descript4_12_, role0_.name as name12_ from role role0_ where role0_.name=?
 INFO [main] (TransactionalTestExecutionListener.java:279) - Rolled back transaction after test execution for test context [[TestContext@a84b47 testClass = AgreeOnDefinitionsBusinessImplTest, locations = array<String>['classpath:applicationContext*.xml'], testInstance = edu.cmu.square.server.business.implementation.AgreeOnDefinitionsBusinessImplTest@e64795, testMethod = testloadDefaultTerms@AgreeOnDefinitionsBusinessImplTest, testException = [null]]]
 INFO [main] (TransactionalTestExecutionListener.java:259) - Began transaction (2): transaction manager [org.springframework.orm.hibernate3.HibernateTransactionManager@3f58bb]; rollback [true]
Hibernate: insert into user (date_created, date_modified, department, email, full_name, isAdmin, location, locked, organization, password, phone, skip_teach_step, username) values (?, ?, ?, ?, ?, ?, ?, ?, ?, ?, ?, ?, ?)
Hibernate: insert into project (cases, date_created, date_modified, inspectionStatus, inspectionId, lead_requirements_engineer, lite, name, privacy, ptid, privacyTechniqueRationale, security, stid, securityTechniqueRationale) values (?, ?, ?, ?, ?, ?, ?, ?, ?, ?, ?, ?, ?, ?)
Hibernate: insert into user (date_created, date_modified, department, email, full_name, isAdmin, location, locked, organization, password, phone, skip_teach_step, username) values (?, ?, ?, ?, ?, ?, ?, ?, ?, ?, ?, ?, ?)
Hibernate: select role0_.id as id12_, role0_.date_created as date2_12_, role0_.date_modified as date3_12_, role0_.description as descript4_12_, role0_.name as name12_ from role role0_ where role0_.name=?
 INFO [main] (TransactionalTestExecutionListener.java:279) - Rolled back transaction after test execution for test context [[TestContext@a84b47 testClass = AgreeOnDefinitionsBusinessImplTest, locations = array<String>['classpath:applicationContext*.xml'], testInstance = edu.cmu.square.server.business.implementation.AgreeOnDefinitionsBusinessImplTest@50620f, testMethod = testAddTerm@AgreeOnDefinitionsBusinessImplTest, testException = [null]]]
 INFO [main] (TransactionalTestExecutionListener.java:259) - Began transaction (3): transaction manager [org.springframework.orm.hibernate3.HibernateTransactionManager@3f58bb]; rollback [true]
Hibernate: insert into user (date_created, date_modified, department, email, full_name, isAdmin, location, locked, organization, password, phone, skip_teach_step, username) values (?, ?, ?, ?, ?, ?, ?, ?, ?, ?, ?, ?, ?)
Hibernate: insert into project (cases, date_created, date_modified, inspectionStatus, inspectionId, lead_requirements_engineer, lite, name, privacy, ptid, privacyTechniqueRationale, security, stid, securityTechniqueRationale) values (?, ?, ?, ?, ?, ?, ?, ?, ?, ?, ?, ?, ?, ?)
Hibernate: insert into user (date_created, date_modified, department, email, full_name, isAdmin, location, locked, organization, password, phone, skip_teach_step, username) values (?, ?, ?, ?, ?, ?, ?, ?, ?, ?, ?, ?, ?)
Hibernate: select role0_.id as id12_, role0_.date_created as date2_12_, role0_.date_modified as date3_12_, role0_.description as descript4_12_, role0_.name as name12_ from role role0_ where role0_.name=?
 INFO [main] (TransactionalTestExecutionListener.java:279) - Rolled back transaction after test execution for test context [[TestContext@a84b47 testClass = AgreeOnDefinitionsBusinessImplTest, locations = array<String>['classpath:applicationContext*.xml'], testInstance = edu.cmu.square.server.business.implementation.AgreeOnDefinitionsBusinessImplTest@148a8e6, testMethod = testRemoveTerm@AgreeOnDefinitionsBusinessImplTest, testException = [null]]]
 INFO [main] (TransactionalTestExecutionListener.java:259) - Began transaction (4): transaction manager [org.springframework.orm.hibernate3.HibernateTransactionManager@3f58bb]; rollback [true]
Hibernate: insert into user (date_created, date_modified, department, email, full_name, isAdmin, location, locked, organization, password, phone, skip_teach_step, username) values (?, ?, ?, ?, ?, ?, ?, ?, ?, ?, ?, ?, ?)
Hibernate: insert into project (cases, date_created, date_modified, inspectionStatus, inspectionId, lead_requirements_engineer, lite, name, privacy, ptid, privacyTechniqueRationale, security, stid, securityTechniqueRationale) values (?, ?, ?, ?, ?, ?, ?, ?, ?, ?, ?, ?, ?, ?)
Hibernate: insert into user (date_created, date_modified, department, email, full_name, isAdmin, location, locked, organization, password, phone, skip_teach_step, username) values (?, ?, ?, ?, ?, ?, ?, ?, ?, ?, ?, ?, ?)
Hibernate: select role0_.id as id12_, role0_.date_created as date2_12_, role0_.date_modified as date3_12_, role0_.description as descript4_12_, role0_.name as name12_ from role role0_ where role0_.name=?
 INFO [main] (TransactionalTestExecutionListener.java:279) - Rolled back transaction after test execution for test context [[TestContext@a84b47 testClass = AgreeOnDefinitionsBusinessImplTest, locations = array<String>['classpath:applicationContext*.xml'], testInstance = edu.cmu.square.server.business.implementation.AgreeOnDefinitionsBusinessImplTest@deeebd, testMethod = testUpdateTerm@AgreeOnDefinitionsBusinessImplTest, testException = [null]]]
]]></system-out>
  <system-err><![CDATA[132 [main] INFO org.hibernate.cfg.annotations.Version - Hibernate Annotations 3.4.0.GA
142 [main] INFO org.hibernate.cfg.Environment - Hibernate 3.3.1.GA
146 [main] INFO org.hibernate.cfg.Environment - hibernate.properties not found
149 [main] INFO org.hibernate.cfg.Environment - Bytecode provider name : javassist
160 [main] INFO org.hibernate.cfg.Environment - using JDK 1.4 java.sql.Timestamp handling
422 [main] INFO org.hibernate.annotations.common.Version - Hibernate Commons Annotations 3.1.0.GA
514 [main] INFO org.hibernate.cfg.AnnotationBinder - Binding entity from annotated class: edu.cmu.square.server.dao.model.Artifact
556 [main] INFO org.hibernate.cfg.annotations.EntityBinder - Bind entity edu.cmu.square.server.dao.model.Artifact on table artifact
628 [main] INFO org.hibernate.cfg.AnnotationBinder - Binding entity from annotated class: edu.cmu.square.server.dao.model.AsquareCase
628 [main] INFO org.hibernate.cfg.annotations.EntityBinder - Bind entity edu.cmu.square.server.dao.model.AsquareCase on table asquare_case
630 [main] INFO org.hibernate.cfg.AnnotationBinder - Binding entity from annotated class: edu.cmu.square.server.dao.model.Asset
630 [main] INFO org.hibernate.cfg.annotations.EntityBinder - Bind entity edu.cmu.square.server.dao.model.Asset on table asset
633 [main] INFO org.hibernate.cfg.AnnotationBinder - Binding entity from annotated class: edu.cmu.square.server.dao.model.Category
633 [main] INFO org.hibernate.cfg.annotations.EntityBinder - Bind entity edu.cmu.square.server.dao.model.Category on table category
636 [main] INFO org.hibernate.cfg.AnnotationBinder - Binding entity from annotated class: edu.cmu.square.server.dao.model.EvaluationCriteria
636 [main] INFO org.hibernate.cfg.annotations.EntityBinder - Bind entity edu.cmu.square.server.dao.model.EvaluationCriteria on table evaluation_criteria
639 [main] INFO org.hibernate.cfg.AnnotationBinder - Binding entity from annotated class: edu.cmu.square.server.dao.model.Goal
640 [main] INFO org.hibernate.cfg.annotations.EntityBinder - Bind entity edu.cmu.square.server.dao.model.Goal on table goal
648 [main] INFO org.hibernate.cfg.AnnotationBinder - Binding entity from annotated class: edu.cmu.square.server.dao.model.GoalType
648 [main] INFO org.hibernate.cfg.annotations.EntityBinder - Bind entity edu.cmu.square.server.dao.model.GoalType on table goal_type
652 [main] INFO org.hibernate.cfg.AnnotationBinder - Binding entity from annotated class: edu.cmu.square.server.dao.model.InspectionTechnique
652 [main] INFO org.hibernate.cfg.annotations.EntityBinder - Bind entity edu.cmu.square.server.dao.model.InspectionTechnique on table inspection_technique
654 [main] INFO org.hibernate.cfg.AnnotationBinder - Binding entity from annotated class: edu.cmu.square.server.dao.model.Project
654 [main] INFO org.hibernate.cfg.annotations.EntityBinder - Bind entity edu.cmu.square.server.dao.model.Project on table project
667 [main] INFO org.hibernate.cfg.AnnotationBinder - Binding entity from annotated class: edu.cmu.square.server.dao.model.ProjectStep
667 [main] INFO org.hibernate.cfg.annotations.EntityBinder - Bind entity edu.cmu.square.server.dao.model.ProjectStep on table project_step
675 [main] INFO org.hibernate.cfg.AnnotationBinder - Binding entity from annotated class: edu.cmu.square.server.dao.model.Requirement
675 [main] INFO org.hibernate.cfg.annotations.EntityBinder - Bind entity edu.cmu.square.server.dao.model.Requirement on table requirement
682 [main] INFO org.hibernate.cfg.AnnotationBinder - Binding entity from annotated class: edu.cmu.square.server.dao.model.Risk
682 [main] INFO org.hibernate.cfg.annotations.EntityBinder - Bind entity edu.cmu.square.server.dao.model.Risk on table risk
688 [main] INFO org.hibernate.cfg.AnnotationBinder - Binding entity from annotated class: edu.cmu.square.server.dao.model.Role
689 [main] INFO org.hibernate.cfg.annotations.EntityBinder - Bind entity edu.cmu.square.server.dao.model.Role on table role
692 [main] INFO org.hibernate.cfg.AnnotationBinder - Binding entity from annotated class: edu.cmu.square.server.dao.model.Step
692 [main] INFO org.hibernate.cfg.annotations.EntityBinder - Bind entity edu.cmu.square.server.dao.model.Step on table step
695 [main] INFO org.hibernate.cfg.AnnotationBinder - Binding entity from annotated class: edu.cmu.square.server.dao.model.Technique
695 [main] INFO org.hibernate.cfg.annotations.EntityBinder - Bind entity edu.cmu.square.server.dao.model.Technique on table technique
697 [main] INFO org.hibernate.cfg.AnnotationBinder - Binding entity from annotated class: edu.cmu.square.server.dao.model.TechniqueEvaluationCriteria
697 [main] INFO org.hibernate.cfg.annotations.EntityBinder - Bind entity edu.cmu.square.server.dao.model.TechniqueEvaluationCriteria on table technique_evaluation_criteria
700 [main] INFO org.hibernate.cfg.AnnotationBinder - Binding entity from annotated class: edu.cmu.square.server.dao.model.Term
700 [main] INFO org.hibernate.cfg.annotations.EntityBinder - Bind entity edu.cmu.square.server.dao.model.Term on table term
702 [main] INFO org.hibernate.cfg.AnnotationBinder - Binding entity from annotated class: edu.cmu.square.server.dao.model.User
702 [main] INFO org.hibernate.cfg.annotations.EntityBinder - Bind entity edu.cmu.square.server.dao.model.User on table user
708 [main] INFO org.hibernate.cfg.AnnotationBinder - Binding entity from annotated class: edu.cmu.square.server.dao.model.UserAhp
708 [main] INFO org.hibernate.cfg.annotations.EntityBinder - Bind entity edu.cmu.square.server.dao.model.UserAhp on table user_ahp
711 [main] INFO org.hibernate.cfg.AnnotationBinder - Binding entity from annotated class: edu.cmu.square.server.dao.model.UserProjectRole
711 [main] INFO org.hibernate.cfg.annotations.EntityBinder - Bind entity edu.cmu.square.server.dao.model.UserProjectRole on table user_project_role
790 [main] INFO org.hibernate.cfg.annotations.CollectionBinder - Mapping collection: edu.cmu.square.server.dao.model.GoalType.goals -> goal
790 [main] INFO org.hibernate.cfg.annotations.CollectionBinder - Mapping collection: edu.cmu.square.server.dao.model.Project.artifacts -> artifact
790 [main] INFO org.hibernate.cfg.annotations.CollectionBinder - Mapping collection: edu.cmu.square.server.dao.model.Project.assets -> asset
791 [main] INFO org.hibernate.cfg.annotations.CollectionBinder - Mapping collection: edu.cmu.square.server.dao.model.Project.categories -> category
791 [main] INFO org.hibernate.cfg.annotations.CollectionBinder - Mapping collection: edu.cmu.square.server.dao.model.Project.goals -> goal
791 [main] INFO org.hibernate.cfg.annotations.CollectionBinder - Mapping collection: edu.cmu.square.server.dao.model.Project.inspectionTechniques -> inspection_technique
791 [main] INFO org.hibernate.cfg.annotations.CollectionBinder - Mapping collection: edu.cmu.square.server.dao.model.Project.requirements -> requirement
791 [main] INFO org.hibernate.cfg.annotations.CollectionBinder - Mapping collection: edu.cmu.square.server.dao.model.Project.risks -> risk
791 [main] INFO org.hibernate.cfg.annotations.CollectionBinder - Mapping collection: edu.cmu.square.server.dao.model.Project.techniqueEvaluations -> evaluation_criteria
791 [main] INFO org.hibernate.cfg.annotations.CollectionBinder - Mapping collection: edu.cmu.square.server.dao.model.Project.techniques -> technique
791 [main] INFO org.hibernate.cfg.annotations.CollectionBinder - Mapping collection: edu.cmu.square.server.dao.model.Project.terms -> term
791 [main] INFO org.hibernate.cfg.annotations.CollectionBinder - Mapping collection: edu.cmu.square.server.dao.model.Requirement.userAhpsForRidA -> user_ahp
791 [main] INFO org.hibernate.cfg.annotations.CollectionBinder - Mapping collection: edu.cmu.square.server.dao.model.Requirement.userAhpsForRidB -> user_ahp
792 [main] INFO org.hibernate.cfg.annotations.CollectionBinder - Mapping collection: edu.cmu.square.server.dao.model.Step.projectSteps -> project_step
792 [main] INFO org.hibernate.cfg.annotations.CollectionBinder - Mapping collection: edu.cmu.square.server.dao.model.User.userAhps -> user_ahp
799 [main] INFO org.hibernate.cfg.AnnotationConfiguration - Hibernate Validator not found: ignoring
804 [main] INFO org.hibernate.cfg.search.HibernateSearchEventListenerRegister - Unable to find org.hibernate.search.event.FullTextIndexEventListener on the classpath. Hibernate Search is not enabled.
839 [main] INFO org.hibernate.connection.ConnectionProviderFactory - Initializing connection provider: org.springframework.orm.hibernate3.LocalDataSourceConnectionProvider
3870 [main] INFO org.hibernate.cfg.SettingsFactory - RDBMS: MySQL, version: 5.5.9
3870 [main] INFO org.hibernate.cfg.SettingsFactory - JDBC driver: MySQL-AB JDBC Driver, version: mysql-connector-java-5.1.11 ( Revision: ${svn.Revision} )
3935 [main] INFO org.hibernate.dialect.Dialect - Using dialect: org.hibernate.dialect.MySQL5InnoDBDialect
3938 [main] INFO org.hibernate.transaction.TransactionFactoryFactory - Transaction strategy: org.springframework.orm.hibernate3.SpringTransactionFactory
3939 [main] INFO org.hibernate.transaction.TransactionManagerLookupFactory - No TransactionManagerLookup configured (in JTA environment, use of read-write or transactional second-level cache is not recommended)
3939 [main] INFO org.hibernate.cfg.SettingsFactory - Automatic flush during beforeCompletion(): disabled
3939 [main] INFO org.hibernate.cfg.SettingsFactory - Automatic session close at end of transaction: disabled
3939 [main] INFO org.hibernate.cfg.SettingsFactory - JDBC batch size: 15
3939 [main] INFO org.hibernate.cfg.SettingsFactory - JDBC batch updates for versioned data: disabled
3940 [main] INFO org.hibernate.cfg.SettingsFactory - Scrollable result sets: enabled
3940 [main] INFO org.hibernate.cfg.SettingsFactory - JDBC3 getGeneratedKeys(): enabled
3940 [main] INFO org.hibernate.cfg.SettingsFactory - Connection release mode: auto
3940 [main] INFO org.hibernate.cfg.SettingsFactory - Maximum outer join fetch depth: 2
3940 [main] INFO org.hibernate.cfg.SettingsFactory - Default batch fetch size: 1
3940 [main] INFO org.hibernate.cfg.SettingsFactory - Generate SQL with comments: disabled
3940 [main] INFO org.hibernate.cfg.SettingsFactory - Order SQL updates by primary key: disabled
3940 [main] INFO org.hibernate.cfg.SettingsFactory - Order SQL inserts for batching: disabled
3941 [main] INFO org.hibernate.cfg.SettingsFactory - Query translator: org.hibernate.hql.ast.ASTQueryTranslatorFactory
3942 [main] INFO org.hibernate.hql.ast.ASTQueryTranslatorFactory - Using ASTQueryTranslatorFactory
3942 [main] INFO org.hibernate.cfg.SettingsFactory - Query language substitutions: {}
3942 [main] INFO org.hibernate.cfg.SettingsFactory - JPA-QL strict compliance: disabled
3942 [main] INFO org.hibernate.cfg.SettingsFactory - Second-level cache: enabled
3942 [main] INFO org.hibernate.cfg.SettingsFactory - Query cache: disabled
3942 [main] INFO org.hibernate.cfg.SettingsFactory - Cache region factory : org.hibernate.cache.impl.NoCachingRegionFactory
3942 [main] INFO org.hibernate.cfg.SettingsFactory - Optimize cache for minimal puts: disabled
3942 [main] INFO org.hibernate.cfg.SettingsFactory - Structured second-level cache entries: disabled
3946 [main] INFO org.hibernate.cfg.SettingsFactory - Echoing all SQL to stdout
3947 [main] INFO org.hibernate.cfg.SettingsFactory - Statistics: disabled
3947 [main] INFO org.hibernate.cfg.SettingsFactory - Deleted entity synthetic identifier rollback: disabled
3947 [main] INFO org.hibernate.cfg.SettingsFactory - Default entity-mode: pojo
3947 [main] INFO org.hibernate.cfg.SettingsFactory - Named query checking : enabled
4135 [main] INFO org.hibernate.impl.SessionFactoryImpl - building session factory
5056 [main] INFO org.hibernate.impl.SessionFactoryObjectFactory - Not binding factory to JNDI, no JNDI name configured
]]></system-err>
</testsuite>
