<?xml version="1.0" encoding="UTF-8" ?>
<testsuite errors="0" failures="0" hostname="ashahab-PC" name="edu.cmu.square.server.dao.implementation.SiteDaoTest" tests="1" time="7.973" timestamp="2009-07-16T21:54:37">
  <properties>
    <property name="java.runtime.name" value="Java(TM) SE Runtime Environment"></property>
    <property name="sun.boot.library.path" value="C:\Program Files\Java\jdk1.6.0_07\jre\bin"></property>
    <property name="java.vm.version" value="10.0-b23"></property>
    <property name="ant.library.dir" value="C:\javaSoftware\eclipse_6\eclipse\plugins\org.apache.ant_1.7.0.v200803061910\lib"></property>
    <property name="ant.version" value="Apache Ant version 1.7.0 compiled on December 13 2006"></property>
    <property name="ant.java.version" value="1.6"></property>
    <property name="java.vm.vendor" value="Sun Microsystems Inc."></property>
    <property name="java.vendor.url" value="http://java.sun.com/"></property>
    <property name="path.separator" value=";"></property>
    <property name="java.vm.name" value="Java HotSpot(TM) Client VM"></property>
    <property name="file.encoding.pkg" value="sun.io"></property>
    <property name="user.country" value="US"></property>
    <property name="sun.java.launcher" value="SUN_STANDARD"></property>
    <property name="sun.os.patch.level" value="Service Pack 1"></property>
    <property name="ant.file.SquareGwt" value="C:\Users\kaalpurush\workspace\SquareGwt\build.xml"></property>
    <property name="java.vm.specification.name" value="Java Virtual Machine Specification"></property>
    <property name="user.dir" value="C:\Users\kaalpurush\workspace\SquareGwt"></property>
    <property name="java.runtime.version" value="1.6.0_07-b06"></property>
    <property name="java.awt.graphicsenv" value="sun.awt.Win32GraphicsEnvironment"></property>
    <property name="eclipse.pdebuild.scripts" value="/C:/javaSoftware/eclipse_6/eclipse/plugins/org.eclipse.pde.build_3.4.1.R34x_v20081217/scripts/"></property>
    <property name="basedir" value="C:\Users\kaalpurush\workspace\SquareGwt"></property>
    <property name="java.endorsed.dirs" value="C:\Program Files\Java\jdk1.6.0_07\jre\lib\endorsed"></property>
    <property name="os.arch" value="x86"></property>
    <property name="java.io.tmpdir" value="C:\Users\KAALPU~1\AppData\Local\Temp\"></property>
    <property name="ant.core.lib" value="C:\javaSoftware\eclipse_6\eclipse\plugins\org.apache.ant_1.7.0.v200803061910\lib\ant.jar"></property>
    <property name="line.separator" value="
"></property>
    <property name="java.vm.specification.vendor" value="Sun Microsystems Inc."></property>
    <property name="user.variant" value=""></property>
    <property name="os.name" value="Windows Vista"></property>
    <property name="ant.home" value="C:\javaSoftware\eclipse_6\eclipse\plugins\org.apache.ant_1.7.0.v200803061910"></property>
    <property name="eclipse.pdebuild.templates" value="/C:/javaSoftware/eclipse_6/eclipse/plugins/org.eclipse.pde.build_3.4.1.R34x_v20081217/templates/"></property>
    <property name="ant.project.name" value="SquareGwt"></property>
    <property name="sun.jnu.encoding" value="Cp1252"></property>
    <property name="web.deploy.location" value="C:/javaSoftware/Tomcat 6.0/webapps"></property>
    <property name="java.library.path" value="C:\Program Files\Java\jdk1.6.0_07\jre\bin;.;C:\Windows\Sun\Java\bin;C:\Windows\system32;C:\Windows;C:/Program Files/Java/jdk1.6.0_07/bin/../jre/bin/client;C:/Program Files/Java/jdk1.6.0_07/bin/../jre/bin;C:\Program Files\VisualSVN Server\bin;C:\javaSoftware\eclipse_6\eclipse\plugins\org.apache.ant_1.7.0.v200803061910\bin;.;C:\Program Files\Java\jdk1.6.0_07\bin;C:\Program Files\PC Connectivity Solution\;C:\Windows\system32;C:\Windows;C:\Windows\System32\Wbem;C:\Program Files\Common Files\Roxio Shared\DLLShared\;C:\Program Files\Common Files\Roxio Shared\10.0\DLLShared\;C:\Program Files\OpenSSH\bin;C:\Program Files\jZip;C:\Windows\system32\Wbem;C:\Program Files\Common Files\Adobe\AGL;C:\Program Files\QuickTime\QTSystem\;C:\Program Files\TortoiseSVN\bin;C:\Users\kaalpurush\AppData\Local\MiKTeX 2.7\miktex\bin"></property>
    <property name="deployment.manager.location" value="http://localhost:8686/manager/"></property>
    <property name="eclipse.pdebuild.home" value="/C:/javaSoftware/eclipse_6/eclipse/plugins/org.eclipse.pde.build_3.4.1.R34x_v20081217/./"></property>
    <property name="java.class.version" value="50.0"></property>
    <property name="java.specification.name" value="Java Platform API Specification"></property>
    <property name="sun.management.compiler" value="HotSpot Client Compiler"></property>
    <property name="os.version" value="6.0"></property>
    <property name="ant.file" value="C:\Users\kaalpurush\workspace\SquareGwt\build.xml"></property>
    <property name="user.home" value="C:\Users\kaalpurush"></property>
    <property name="test.reports" value="C:\Users\kaalpurush\workspace\SquareGwt/tests/test_reports"></property>
    <property name="user.timezone" value=""></property>
    <property name="java.awt.printerjob" value="sun.awt.windows.WPrinterJob"></property>
    <property name="java.specification.version" value="1.6"></property>
    <property name="file.encoding" value="Cp1252"></property>
    <property name="user.name" value="kaalpurush"></property>
    <property name="java.class.path" value="C:\Users\kaalpurush\workspace\SquareGwt\lib\junit.jar;C:\Users\kaalpurush\workspace\SquareGwt\src;C:\javaSoftware\eclipse_6\eclipse\plugins\com.google.gwt.eclipse.sdkbundle.win32_1.6.4.v200904062334\gwt-windows-1.6.4\gwt-user.jar;C:\javaSoftware\eclipse_6\eclipse\plugins\com.google.gwt.eclipse.sdkbundle.win32_1.6.4.v200904062334\gwt-windows-1.6.4\gwt-dev-windows.jar;C:\Users\kaalpurush\workspace\SquareGwt\war\WEB-INF\classes;C:\Users\kaalpurush\workspace\SquareGwt\war\WEB-INF\lib\antlr-2.7.6.jar;C:\Users\kaalpurush\workspace\SquareGwt\war\WEB-INF\lib\antlrworks-1.2.3.jar;C:\Users\kaalpurush\workspace\SquareGwt\war\WEB-INF\lib\aspectjrt.jar;C:\Users\kaalpurush\workspace\SquareGwt\war\WEB-INF\lib\aspectjweaver.jar;C:\Users\kaalpurush\workspace\SquareGwt\war\WEB-INF\lib\cglib-nodep-2.1_3.jar;C:\Users\kaalpurush\workspace\SquareGwt\war\WEB-INF\lib\commons-collections-3.1.jar;C:\Users\kaalpurush\workspace\SquareGwt\war\WEB-INF\lib\commons-logging-1.1.1.jar;C:\Users\kaalpurush\workspace\SquareGwt\war\WEB-INF\lib\commons-math-1.2.jar;C:\Users\kaalpurush\workspace\SquareGwt\war\WEB-INF\lib\dom4j-1.6.1.jar;C:\Users\kaalpurush\workspace\SquareGwt\war\WEB-INF\lib\ejb3-persistence.jar;C:\Users\kaalpurush\workspace\SquareGwt\war\WEB-INF\lib\gwt-incubator-march-02-2009.jar;C:\Users\kaalpurush\workspace\SquareGwt\war\WEB-INF\lib\gwt-servlet.jar;C:\Users\kaalpurush\workspace\SquareGwt\war\WEB-INF\lib\gwtrpc-spring-1.0.jar;C:\Users\kaalpurush\workspace\SquareGwt\war\WEB-INF\lib\gxt.jar;C:\Users\kaalpurush\workspace\SquareGwt\war\WEB-INF\lib\hibernate-annotations.jar;C:\Users\kaalpurush\workspace\SquareGwt\war\WEB-INF\lib\hibernate-commons-annotations.jar;C:\Users\kaalpurush\workspace\SquareGwt\war\WEB-INF\lib\hibernate3.jar;C:\Users\kaalpurush\workspace\SquareGwt\war\WEB-INF\lib\javassist-3.4.GA.jar;C:\Users\kaalpurush\workspace\SquareGwt\war\WEB-INF\lib\jta-1.1.jar;C:\Users\kaalpurush\workspace\SquareGwt\war\WEB-INF\lib\junit.jar;C:\Users\kaalpurush\workspace\SquareGwt\war\WEB-INF\lib\mysql-connector-java-5.1.7-bin.jar;C:\Users\kaalpurush\workspace\SquareGwt\war\WEB-INF\lib\slf4j-api-1.5.6.jar;C:\Users\kaalpurush\workspace\SquareGwt\war\WEB-INF\lib\slf4j-simple-1.5.6.jar;C:\Users\kaalpurush\workspace\SquareGwt\war\WEB-INF\lib\spring-test.jar;C:\Users\kaalpurush\workspace\SquareGwt\war\WEB-INF\lib\spring.jar;C:\Users\kaalpurush\workspace\SquareGwt;C:\Program Files\Java\jre6\lib\ext\QTJava.zip;C:\javaSoftware\eclipse_6\eclipse\plugins\org.apache.ant_1.7.0.v200803061910\lib\ant-launcher.jar;C:\javaSoftware\eclipse_6\eclipse\plugins\org.apache.ant_1.7.0.v200803061910\lib\ant.jar;C:\javaSoftware\eclipse_6\eclipse\plugins\org.apache.ant_1.7.0.v200803061910\lib\ant-junit.jar"></property>
    <property name="java.vm.specification.version" value="1.0"></property>
    <property name="sun.arch.data.model" value="32"></property>
    <property name="java.home" value="C:\Program Files\Java\jdk1.6.0_07\jre"></property>
    <property name="java.specification.vendor" value="Sun Microsystems Inc."></property>
    <property name="user.language" value="en"></property>
    <property name="gwt.sdk" value="C:/javaSoftware/eclipse_6/eclipse/plugins/com.google.gwt.eclipse.sdkbundle.win32_1.6.4.v200904062334/gwt-windows-1.6.4"></property>
    <property name="awt.toolkit" value="sun.awt.windows.WToolkit"></property>
    <property name="java.vm.info" value="mixed mode, sharing"></property>
    <property name="gwtproj.output.dir" value="C:\Users\kaalpurush\workspace\SquareGwt/war/WEB-INF/classes"></property>
    <property name="java.version" value="1.6.0_07"></property>
    <property name="java.ext.dirs" value="C:\Program Files\Java\jdk1.6.0_07\jre\lib\ext;C:\Windows\Sun\Java\lib\ext"></property>
    <property name="sun.boot.class.path" value="C:\Program Files\Java\jdk1.6.0_07\jre\lib\resources.jar;C:\Program Files\Java\jdk1.6.0_07\jre\lib\rt.jar;C:\Program Files\Java\jdk1.6.0_07\jre\lib\sunrsasign.jar;C:\Program Files\Java\jdk1.6.0_07\jre\lib\jsse.jar;C:\Program Files\Java\jdk1.6.0_07\jre\lib\jce.jar;C:\Program Files\Java\jdk1.6.0_07\jre\lib\charsets.jar;C:\Program Files\Java\jdk1.6.0_07\jre\classes"></property>
    <property name="java.vendor" value="Sun Microsystems Inc."></property>
    <property name="file.separator" value="\"></property>
    <property name="java.vendor.url.bug" value="http://java.sun.com/cgi-bin/bugreport.cgi"></property>
    <property name="sun.cpu.endian" value="little"></property>
    <property name="sun.io.unicode.encoding" value="UnicodeLittle"></property>
    <property name="sun.desktop" value="windows"></property>
    <property name="sun.cpu.isalist" value="pentium_pro+mmx pentium_pro pentium+mmx pentium i486 i386 i86"></property>
  </properties>
  <testcase classname="edu.cmu.square.server.dao.implementation.SiteDaoTest" name="testCreate" time="0.389"></testcase>
  <system-out><![CDATA[Hibernate: insert into site (bannerColor, date_created, date_modified, logo, ogranizationName, url) values (?, ?, ?, ?, ?, ?)
]]></system-out>
  <system-err><![CDATA[Jul 16, 2009 5:54:36 PM org.springframework.test.context.TestContextManager retrieveTestExecutionListeners
INFO: @TestExecutionListeners is not present for class [class edu.cmu.square.server.dao.implementation.SiteDaoTest]: using defaults.
Jul 16, 2009 5:54:37 PM org.springframework.beans.factory.xml.XmlBeanDefinitionReader loadBeanDefinitions
INFO: Loading XML bean definitions from file [C:\Users\kaalpurush\workspace\SquareGwt\src\applicationContext-hibernate.xml]
Jul 16, 2009 5:54:38 PM org.springframework.beans.factory.xml.XmlBeanDefinitionReader loadBeanDefinitions
INFO: Loading XML bean definitions from file [C:\Users\kaalpurush\workspace\SquareGwt\src\applicationContext-jdbc.xml]
Jul 16, 2009 5:54:38 PM org.springframework.context.support.AbstractApplicationContext prepareRefresh
INFO: Refreshing org.springframework.context.support.GenericApplicationContext@750159: display name [org.springframework.context.support.GenericApplicationContext@750159]; startup date [Thu Jul 16 17:54:38 EDT 2009]; root of context hierarchy
Jul 16, 2009 5:54:38 PM org.springframework.context.support.AbstractApplicationContext obtainFreshBeanFactory
INFO: Bean factory for application context [org.springframework.context.support.GenericApplicationContext@750159]: org.springframework.beans.factory.support.DefaultListableBeanFactory@29ab3e
Jul 16, 2009 5:54:38 PM org.springframework.beans.factory.support.DefaultListableBeanFactory preInstantiateSingletons
INFO: Pre-instantiating singletons in org.springframework.beans.factory.support.DefaultListableBeanFactory@29ab3e: defining beans [org.springframework.context.annotation.internalPersistenceAnnotationProcessor,org.springframework.context.annotation.internalCommonAnnotationProcessor,org.springframework.context.annotation.internalAutowiredAnnotationProcessor,org.springframework.context.annotation.internalRequiredAnnotationProcessor,authorizationAspect,exceptionAspect,agreeOnDefinitionsBusinessImpl,categorizeRequirementsBusinessImpl,chooseProjectBusinessImpl,collectArtifactsBusinessImpl,elicitationTechniqueBusinessImpl,elicitRequirementsBusinessImpl,identifyGoalsAssetsBusinessImpl,inspectionTechniqueBusinessImpl,logInBusinessImpl,manageProjectBusinessImpl,manageSiteBusiness,prioritizeRequirementBusinessImpl,riskAssessmentBusinessImpl,stepBusinessImpl,hbnArtifactDao,hbnAssetDao,hbnCategoryDao,hbnGoalDao,hbnInspectionTechniqueDao,hbnProjectDao,hbnProjectStepDao,hbnRequirementDao,hbnRiskDao,hbnRoleDao,hbnSiteDao,hbnStepDao,hbnTechniqueDao,hbnTechniqueEvaluationCriteriaDao,hbnTechniqueEvaluationDao,hbnTermDao,hbnUserAhpDao,hbnUserDao,hbnUserProjectRoleDao,agreeOnDefinitionsServiceImpl,appPropertiesServiceImpl,categorizeRequirementsServiceImpl,chooseProjectServiceImpl,collectArtifactsServiceImpl,elicitationTechniqueServiceImpl,elicitRequirementServiceImpl,identifyGoalsAssetsServiceImpl,inspectionTechniqueServiceImpl,LogInService,manageProjectServiceImpl,manageSiteServiceImpl,prioritizeRequirementsServiceImpl,riskAssessmentServiceImpl,stepServiceImpl,org.springframework.aop.config.internalAutoProxyCreator,org.springframework.transaction.annotation.AnnotationTransactionAttributeSource#0,org.springframework.transaction.interceptor.TransactionInterceptor#0,org.springframework.transaction.config.internalTransactionAdvisor,transactionManager,sessionFactory,dataSource]; root of factory hierarchy
Jul 16, 2009 5:54:39 PM org.springframework.jdbc.datasource.DriverManagerDataSource setDriverClassName
INFO: Loaded JDBC driver: com.mysql.jdbc.Driver
111 [main] INFO org.hibernate.cfg.annotations.Version - Hibernate Annotations 3.4.0.GA
128 [main] INFO org.hibernate.cfg.Environment - Hibernate 3.3.1.GA
134 [main] INFO org.hibernate.cfg.Environment - hibernate.properties not found
139 [main] INFO org.hibernate.cfg.Environment - Bytecode provider name : javassist
145 [main] INFO org.hibernate.cfg.Environment - using JDK 1.4 java.sql.Timestamp handling
243 [main] INFO org.hibernate.annotations.common.Version - Hibernate Commons Annotations 3.1.0.GA
419 [main] INFO org.hibernate.cfg.AnnotationBinder - Binding entity from annotated class: edu.cmu.square.server.dao.model.Artifact
512 [main] INFO org.hibernate.cfg.annotations.EntityBinder - Bind entity edu.cmu.square.server.dao.model.Artifact on table artifact
699 [main] INFO org.hibernate.cfg.AnnotationBinder - Binding entity from annotated class: edu.cmu.square.server.dao.model.Asset
699 [main] INFO org.hibernate.cfg.annotations.EntityBinder - Bind entity edu.cmu.square.server.dao.model.Asset on table asset
706 [main] INFO org.hibernate.cfg.AnnotationBinder - Binding entity from annotated class: edu.cmu.square.server.dao.model.Category
706 [main] INFO org.hibernate.cfg.annotations.EntityBinder - Bind entity edu.cmu.square.server.dao.model.Category on table category
715 [main] INFO org.hibernate.cfg.AnnotationBinder - Binding entity from annotated class: edu.cmu.square.server.dao.model.EvaluationCriteria
715 [main] INFO org.hibernate.cfg.annotations.EntityBinder - Bind entity edu.cmu.square.server.dao.model.EvaluationCriteria on table evaluation_criteria
721 [main] INFO org.hibernate.cfg.AnnotationBinder - Binding entity from annotated class: edu.cmu.square.server.dao.model.Goal
721 [main] INFO org.hibernate.cfg.annotations.EntityBinder - Bind entity edu.cmu.square.server.dao.model.Goal on table goal
732 [main] INFO org.hibernate.cfg.AnnotationBinder - Binding entity from annotated class: edu.cmu.square.server.dao.model.GoalType
732 [main] INFO org.hibernate.cfg.annotations.EntityBinder - Bind entity edu.cmu.square.server.dao.model.GoalType on table goal_type
739 [main] INFO org.hibernate.cfg.AnnotationBinder - Binding entity from annotated class: edu.cmu.square.server.dao.model.InspectionTechnique
739 [main] INFO org.hibernate.cfg.annotations.EntityBinder - Bind entity edu.cmu.square.server.dao.model.InspectionTechnique on table inspection_technique
748 [main] INFO org.hibernate.cfg.AnnotationBinder - Binding entity from annotated class: edu.cmu.square.server.dao.model.NextStep
748 [main] INFO org.hibernate.cfg.annotations.EntityBinder - Bind entity edu.cmu.square.server.dao.model.NextStep on table next_step
763 [main] INFO org.hibernate.cfg.AnnotationBinder - Binding entity from annotated class: edu.cmu.square.server.dao.model.Project
764 [main] INFO org.hibernate.cfg.annotations.EntityBinder - Bind entity edu.cmu.square.server.dao.model.Project on table project
794 [main] INFO org.hibernate.cfg.AnnotationBinder - Binding entity from annotated class: edu.cmu.square.server.dao.model.ProjectStep
794 [main] INFO org.hibernate.cfg.annotations.EntityBinder - Bind entity edu.cmu.square.server.dao.model.ProjectStep on table project_step
799 [main] INFO org.hibernate.cfg.AnnotationBinder - Binding entity from annotated class: edu.cmu.square.server.dao.model.Requirement
799 [main] INFO org.hibernate.cfg.annotations.EntityBinder - Bind entity edu.cmu.square.server.dao.model.Requirement on table requirement
816 [main] INFO org.hibernate.cfg.AnnotationBinder - Binding entity from annotated class: edu.cmu.square.server.dao.model.Risk
816 [main] INFO org.hibernate.cfg.annotations.EntityBinder - Bind entity edu.cmu.square.server.dao.model.Risk on table risk
828 [main] INFO org.hibernate.cfg.AnnotationBinder - Binding entity from annotated class: edu.cmu.square.server.dao.model.Role
828 [main] INFO org.hibernate.cfg.annotations.EntityBinder - Bind entity edu.cmu.square.server.dao.model.Role on table role
841 [main] INFO org.hibernate.cfg.AnnotationBinder - Binding entity from annotated class: edu.cmu.square.server.dao.model.Site
841 [main] INFO org.hibernate.cfg.annotations.EntityBinder - Bind entity edu.cmu.square.server.dao.model.Site on table site
845 [main] INFO org.hibernate.cfg.AnnotationBinder - Binding entity from annotated class: edu.cmu.square.server.dao.model.Step
845 [main] INFO org.hibernate.cfg.annotations.EntityBinder - Bind entity edu.cmu.square.server.dao.model.Step on table step
855 [main] INFO org.hibernate.cfg.AnnotationBinder - Binding entity from annotated class: edu.cmu.square.server.dao.model.Technique
855 [main] INFO org.hibernate.cfg.annotations.EntityBinder - Bind entity edu.cmu.square.server.dao.model.Technique on table technique
860 [main] INFO org.hibernate.cfg.AnnotationBinder - Binding entity from annotated class: edu.cmu.square.server.dao.model.TechniqueEvaluationCriteria
860 [main] INFO org.hibernate.cfg.annotations.EntityBinder - Bind entity edu.cmu.square.server.dao.model.TechniqueEvaluationCriteria on table technique_evaluation_criteria
865 [main] INFO org.hibernate.cfg.AnnotationBinder - Binding entity from annotated class: edu.cmu.square.server.dao.model.Term
865 [main] INFO org.hibernate.cfg.annotations.EntityBinder - Bind entity edu.cmu.square.server.dao.model.Term on table term
869 [main] INFO org.hibernate.cfg.AnnotationBinder - Binding entity from annotated class: edu.cmu.square.server.dao.model.User
869 [main] INFO org.hibernate.cfg.annotations.EntityBinder - Bind entity edu.cmu.square.server.dao.model.User on table user
881 [main] INFO org.hibernate.cfg.AnnotationBinder - Binding entity from annotated class: edu.cmu.square.server.dao.model.UserAhp
881 [main] INFO org.hibernate.cfg.annotations.EntityBinder - Bind entity edu.cmu.square.server.dao.model.UserAhp on table user_ahp
888 [main] INFO org.hibernate.cfg.AnnotationBinder - Binding entity from annotated class: edu.cmu.square.server.dao.model.UserProjectRole
888 [main] INFO org.hibernate.cfg.annotations.EntityBinder - Bind entity edu.cmu.square.server.dao.model.UserProjectRole on table user_project_role
892 [main] INFO org.hibernate.cfg.AnnotationBinder - Binding entity from annotated class: edu.cmu.square.server.dao.model.Vulnerability
892 [main] INFO org.hibernate.cfg.annotations.EntityBinder - Bind entity edu.cmu.square.server.dao.model.Vulnerability on table vulnerability
1051 [main] INFO org.hibernate.cfg.annotations.CollectionBinder - Mapping collection: edu.cmu.square.server.dao.model.GoalType.goals -> goal
1052 [main] INFO org.hibernate.cfg.annotations.CollectionBinder - Mapping collection: edu.cmu.square.server.dao.model.Project.artifacts -> artifact
1052 [main] INFO org.hibernate.cfg.annotations.CollectionBinder - Mapping collection: edu.cmu.square.server.dao.model.Project.assets -> asset
1052 [main] INFO org.hibernate.cfg.annotations.CollectionBinder - Mapping collection: edu.cmu.square.server.dao.model.Project.categories -> category
1052 [main] INFO org.hibernate.cfg.annotations.CollectionBinder - Mapping collection: edu.cmu.square.server.dao.model.Project.goals -> goal
1052 [main] INFO org.hibernate.cfg.annotations.CollectionBinder - Mapping collection: edu.cmu.square.server.dao.model.Project.inspectionTechniques -> inspection_technique
1052 [main] INFO org.hibernate.cfg.annotations.CollectionBinder - Mapping collection: edu.cmu.square.server.dao.model.Project.requirements -> requirement
1053 [main] INFO org.hibernate.cfg.annotations.CollectionBinder - Mapping collection: edu.cmu.square.server.dao.model.Project.risks -> risk
1053 [main] INFO org.hibernate.cfg.annotations.CollectionBinder - Mapping collection: edu.cmu.square.server.dao.model.Project.techniqueEvaluations -> evaluation_criteria
1053 [main] INFO org.hibernate.cfg.annotations.CollectionBinder - Mapping collection: edu.cmu.square.server.dao.model.Project.techniques -> technique
1054 [main] INFO org.hibernate.cfg.annotations.CollectionBinder - Mapping collection: edu.cmu.square.server.dao.model.Project.terms -> term
1054 [main] INFO org.hibernate.cfg.annotations.CollectionBinder - Mapping collection: edu.cmu.square.server.dao.model.Project.vulnerabilities -> vulnerability
1054 [main] INFO org.hibernate.cfg.annotations.CollectionBinder - Mapping collection: edu.cmu.square.server.dao.model.Requirement.userAhpsForRidA -> user_ahp
1054 [main] INFO org.hibernate.cfg.annotations.CollectionBinder - Mapping collection: edu.cmu.square.server.dao.model.Requirement.userAhpsForRidB -> user_ahp
1055 [main] INFO org.hibernate.cfg.annotations.CollectionBinder - Mapping collection: edu.cmu.square.server.dao.model.Step.nextStepsForCurrentStepId -> next_step
1055 [main] INFO org.hibernate.cfg.annotations.CollectionBinder - Mapping collection: edu.cmu.square.server.dao.model.Step.nextStepsForNextStepId -> next_step
1055 [main] INFO org.hibernate.cfg.annotations.CollectionBinder - Mapping collection: edu.cmu.square.server.dao.model.Step.projectSteps -> project_step
1056 [main] INFO org.hibernate.cfg.annotations.CollectionBinder - Mapping collection: edu.cmu.square.server.dao.model.User.userAhps -> user_ahp
1060 [main] INFO org.hibernate.cfg.annotations.CollectionBinder - Mapping collection: edu.cmu.square.server.dao.model.Vulnerability.risks -> risk
1075 [main] INFO org.hibernate.cfg.AnnotationConfiguration - Hibernate Validator not found: ignoring
Jul 16, 2009 5:54:40 PM org.springframework.orm.hibernate3.LocalSessionFactoryBean buildSessionFactory
INFO: Building new Hibernate SessionFactory
1084 [main] INFO org.hibernate.cfg.search.HibernateSearchEventListenerRegister - Unable to find org.hibernate.search.event.FullTextIndexEventListener on the classpath. Hibernate Search is not enabled.
1194 [main] INFO org.hibernate.connection.ConnectionProviderFactory - Initializing connection provider: org.springframework.orm.hibernate3.LocalDataSourceConnectionProvider
1700 [main] INFO org.hibernate.cfg.SettingsFactory - RDBMS: MySQL, version: 5.0.67-community-nt
1700 [main] INFO org.hibernate.cfg.SettingsFactory - JDBC driver: MySQL-AB JDBC Driver, version: mysql-connector-java-5.1.7 ( Revision: ${svn.Revision} )
1739 [main] INFO org.hibernate.dialect.Dialect - Using dialect: org.hibernate.dialect.MySQL5InnoDBDialect
1754 [main] INFO org.hibernate.transaction.TransactionFactoryFactory - Transaction strategy: org.springframework.orm.hibernate3.SpringTransactionFactory
1756 [main] INFO org.hibernate.transaction.TransactionManagerLookupFactory - No TransactionManagerLookup configured (in JTA environment, use of read-write or transactional second-level cache is not recommended)
1756 [main] INFO org.hibernate.cfg.SettingsFactory - Automatic flush during beforeCompletion(): disabled
1756 [main] INFO org.hibernate.cfg.SettingsFactory - Automatic session close at end of transaction: disabled
1756 [main] INFO org.hibernate.cfg.SettingsFactory - JDBC batch size: 15
1757 [main] INFO org.hibernate.cfg.SettingsFactory - JDBC batch updates for versioned data: disabled
1758 [main] INFO org.hibernate.cfg.SettingsFactory - Scrollable result sets: enabled
1758 [main] INFO org.hibernate.cfg.SettingsFactory - JDBC3 getGeneratedKeys(): enabled
1758 [main] INFO org.hibernate.cfg.SettingsFactory - Connection release mode: auto
1760 [main] INFO org.hibernate.cfg.SettingsFactory - Maximum outer join fetch depth: 2
1760 [main] INFO org.hibernate.cfg.SettingsFactory - Default batch fetch size: 1
1760 [main] INFO org.hibernate.cfg.SettingsFactory - Generate SQL with comments: disabled
1760 [main] INFO org.hibernate.cfg.SettingsFactory - Order SQL updates by primary key: disabled
1760 [main] INFO org.hibernate.cfg.SettingsFactory - Order SQL inserts for batching: disabled
1760 [main] INFO org.hibernate.cfg.SettingsFactory - Query translator: org.hibernate.hql.ast.ASTQueryTranslatorFactory
1764 [main] INFO org.hibernate.hql.ast.ASTQueryTranslatorFactory - Using ASTQueryTranslatorFactory
1764 [main] INFO org.hibernate.cfg.SettingsFactory - Query language substitutions: {}
1765 [main] INFO org.hibernate.cfg.SettingsFactory - JPA-QL strict compliance: disabled
1765 [main] INFO org.hibernate.cfg.SettingsFactory - Second-level cache: enabled
1765 [main] INFO org.hibernate.cfg.SettingsFactory - Query cache: disabled
1765 [main] INFO org.hibernate.cfg.SettingsFactory - Cache region factory : org.hibernate.cache.impl.NoCachingRegionFactory
1765 [main] INFO org.hibernate.cfg.SettingsFactory - Optimize cache for minimal puts: disabled
1765 [main] INFO org.hibernate.cfg.SettingsFactory - Structured second-level cache entries: disabled
1777 [main] INFO org.hibernate.cfg.SettingsFactory - Echoing all SQL to stdout
1779 [main] INFO org.hibernate.cfg.SettingsFactory - Statistics: disabled
1779 [main] INFO org.hibernate.cfg.SettingsFactory - Deleted entity synthetic identifier rollback: disabled
1779 [main] INFO org.hibernate.cfg.SettingsFactory - Default entity-mode: pojo
1779 [main] INFO org.hibernate.cfg.SettingsFactory - Named query checking : enabled
1867 [main] INFO org.hibernate.impl.SessionFactoryImpl - building session factory
2775 [main] INFO org.hibernate.impl.SessionFactoryObjectFactory - Not binding factory to JNDI, no JNDI name configured
Jul 16, 2009 5:54:42 PM org.springframework.orm.hibernate3.HibernateTransactionManager afterPropertiesSet
INFO: Using DataSource [org.springframework.jdbc.datasource.DriverManagerDataSource@3bc1a1] of Hibernate SessionFactory for HibernateTransactionManager
Jul 16, 2009 5:54:44 PM org.springframework.test.context.transaction.TransactionalTestExecutionListener startNewTransaction
INFO: Began transaction (1): transaction manager [org.springframework.orm.hibernate3.HibernateTransactionManager@6014f7]; rollback [true]
Jul 16, 2009 5:54:44 PM org.springframework.test.context.transaction.TransactionalTestExecutionListener endTransaction
INFO: Rolled back transaction after test execution for test context [[TestContext@a50da4 testClass = SiteDaoTest, locations = array<String>['classpath:applicationContext*.xml'], testInstance = edu.cmu.square.server.dao.implementation.SiteDaoTest@229ed4, testMethod = testCreate@SiteDaoTest, testException = [null]]]
]]></system-err>
</testsuite>
